Rufus x64 v4.7.2231 (Portable)
Windows version: Windows 11 Pro x64 (Build 26100.4202)
Syslinux versions: 4.07/2013-07-25, 6.04/pre1
Grub versions: 0.4.6a, 2.12
System locale ID: 0x0409 (en-US)
Will use default UI locale 0x0409
SetLGP: Successfully set NoDriveTypeAutorun policy to 0x0000009E
Localization set to 'en-US'
Notice: The ISO download feature has been deactivated because 'Check for updates' is disabled in your settings.
Found USB 3.0 device 'WD My Passport 2627 USB Device' (1058:2627)
Device eliminated because it was detected as a Hard Drive (score 43 > 0)
If this device is not a Hard Drive, please e-mail the author of this application
NOTE: You can enable the listing of Hard Drives under 'advanced drive properties'
0 devices found
Scanning image...
ISO analysis:
  Image is a UDF image
Disk image analysis:
  Image does not have a Boot Marker
ISO label: 'CCCOMA_X64FRE_EN-US_DV9'
  Detected: Windows 11 ISO (Build 26100.1742)
  Size: 5.4 GB (Projected)
  Has a >4GB file
  Uses: EFI
  Uses: Bootmgr (BIOS and UEFI)
  Uses: Install.wim (version 0.13.1)
Using image: Win11_24H2_English_x64.iso (5.4 GB)
Found USB 3.0 device 'WD My Passport 2627 USB Device' (1058:2627)
1 device found
Disk type: FIXED, Disk size: 4TB, Sector size: 512 bytes
Cylinders: 486397, Tracks per cylinder: 255, Sectors per track: 63
Partition type: GPT, NB Partitions: 1
Disk GUID: {50649A2A-D835-11EC-A38F-A434D98071A8}
Max parts: 128, Start Offset: 17408, Usable = 4000752564736 bytes
Partition 1:
  Type: Microsoft Basic Data Partition
  Detected File System: exFAT
  ID: {50649A2B-D835-11EC-A38F-A434D98071A8}
  Size: 3.6 TB (4000752516608 bytes)
  Start Sector: 128, Attributes: 0x0000000000000000
Found USB 3.0 device 'WD My Passport 2627 USB Device' (1058:2627)
Device eliminated because it was detected as a Hard Drive (score 43 > 0)
If this device is not a Hard Drive, please e-mail the author of this application
NOTE: You can enable the listing of Hard Drives under 'advanced drive properties'
0 devices found
Process search thread did not exit within timeout - forcefully terminating it!
0 devices found
0 devices found
0 devices found
0 devices found
0 devices found
0 devices found
0 devices found
0 devices found
0 devices found
0 devices found
0 devices found
0 devices found
0 devices found
0 devices found
0 devices found
0 devices found
0 devices found
0 devices found
0 devices found
0 devices found
Found USB 3.0 device 'Corsair CSSD-F115GB2-A USB Device' (1F75:0621)
1 device found
Disk type: FIXED, Disk size: 115 GB, Sector size: 512 bytes
Cylinders: 13985, Tracks per cylinder: 255, Sectors per track: 63
Partition type: MBR, NB Partitions: 1
Disk ID: 0xC2053E4B
Drive has a Windows 7 Master Boot Record
Partition 1:
  Type: FAT32 LBA (0x0c)
  Detected File System: FAT32
  Size: 32 GB (34359738368 bytes)
  Start Sector: 2048, Boot: Yes
Found USB 3.0 device 'Corsair CSSD-F115GB2-A USB Device' (1F75:0621)
1 device found
Disk type: FIXED, Disk size: 115 GB, Sector size: 512 bytes
Cylinders: 13985, Tracks per cylinder: 255, Sectors per track: 63
Partition type: MBR, NB Partitions: 1
Disk ID: 0xC2053E4B
Drive has a Windows 7 Master Boot Record
Partition 1:
  Type: FAT32 LBA (0x0c)
  Detected File System: FAT32
  Size: 32 GB (34359738368 bytes)
  Start Sector: 2048, Boot: Yes
Found USB 3.0 device 'Corsair CSSD-F115GB2-A USB Device' (1F75:0621)
1 device found
Disk type: FIXED, Disk size: 115 GB, Sector size: 512 bytes
Cylinders: 13985, Tracks per cylinder: 255, Sectors per track: 63
Partition type: MBR, NB Partitions: 1
Disk ID: 0xC2053E4B
Drive has a Windows 7 Master Boot Record
Partition 1:
  Type: FAT32 LBA (0x0c)
  Detected File System: FAT32
  Size: 32 GB (34359738368 bytes)
  Start Sector: 2048, Boot: Yes
Found USB 3.0 device 'Corsair CSSD-F115GB2-A USB Device' (1F75:0621)
1 device found
Disk type: FIXED, Disk size: 115 GB, Sector size: 512 bytes
Cylinders: 13985, Tracks per cylinder: 255, Sectors per track: 63
Partition type: MBR, NB Partitions: 1
Disk ID: 0xC2053E4B
Drive has a Windows 7 Master Boot Record
Partition 1:
  Type: FAT32 LBA (0x0c)
  Detected File System: FAT32
  Size: 32 GB (34359738368 bytes)
  Start Sector: 2048, Boot: Yes
Selected Windows User Experience options:
• Bypass SB/TPM/RAM
• Bypass online account requirement
• Disable data collection
• Use 'WeAreAllMadHere' for local account name
• Use the same regional options as this user's
• Disable bitlocker
Timeout while retrieving conflicting process list

Format operation started
Requesting disk access...
Will use 'E:' as volume mountpoint
Opened \\.\PhysicalDrive2 for shared write access
Analyzing existing boot records...
Drive has a Windows 7 Master Boot Record
Clearing MBR/PBR/GPT structures...
Erasing 128 sectors
Initializing disk...
Partitioning (GPT)...
● Creating Main Data Partition (offset: 1048576, size: 107.1 GB)
● Creating UEFI:NTFS Partition (offset: 115032056832, size: 1 MB)
Writing UEFI:NTFS data...
Waiting for logical drive to reappear...
Formatting to NTFS (using IFS)
Using cluster size: 4096 bytes
Quick format was selected
Creating file system...
Format completed.
Opened \\.\PhysicalDrive2 for shared write access
Writing Master Boot Record...
Using Rufus protective MBR
Writing protective message SBR
Found volume \\?\Volume{099f2b84-7eef-4bc5-add9-e056f85f989f}\
Disabling file indexing...
Successfully remounted \\?\Volume{099f2b84-7eef-4bc5-add9-e056f85f989f}\ as E:
Extracting files...
Image is a UDF image
Extracting: E:\autorun.inf (128 bytes)
Extracting: E:\boot\bcd (16 KB)
Extracting: E:\boot\boot.sdi (3 MB)
Extracting: E:\boot\bootfix.bin (1 KB)
Extracting: E:\boot\bootsect.exe (109.4 KB)
Extracting: E:\boot\en-us\bootsect.exe.mui (16 KB)
Extracting: E:\boot\etfsboot.com (4 KB)
Extracting: E:\boot\fonts\chs_boot.ttf (3.5 MB)
Extracting: E:\boot\fonts\cht_boot.ttf (3.7 MB)
Extracting: E:\boot\fonts\jpn_boot.ttf (1.9 MB)
Extracting: E:\boot\fonts\kor_boot.ttf (2.3 MB)
Extracting: E:\boot\fonts\malgun_boot.ttf (197.3 KB)
Extracting: E:\boot\fonts\malgun_console.ttf (81.4 KB)
Extracting: E:\boot\fonts\malgunn_boot.ttf (194.8 KB)
Extracting: E:\boot\fonts\meiryo_boot.ttf (171.9 KB)
Extracting: E:\boot\fonts\meiryo_console.ttf (90.4 KB)
Extracting: E:\boot\fonts\meiryon_boot.ttf (170 KB)
Extracting: E:\boot\fonts\msjh_boot.ttf (196.5 KB)
Extracting: E:\boot\fonts\msjh_console.ttf (200.1 KB)
Extracting: E:\boot\fonts\msjhn_boot.ttf (194.5 KB)
Extracting: E:\boot\fonts\msyh_boot.ttf (185.4 KB)
Extracting: E:\boot\fonts\msyh_console.ttf (96.3 KB)
Extracting: E:\boot\fonts\msyhn_boot.ttf (183.6 KB)
Extracting: E:\boot\fonts\segmono_boot.ttf (44.8 KB)
Extracting: E:\boot\fonts\segoe_slboot.ttf (100.6 KB)
Extracting: E:\boot\fonts\segoen_slboot.ttf (100.2 KB)
Extracting: E:\boot\fonts\wgl4_boot.ttf (48.9 KB)
Extracting: E:\boot\memtest.exe (1.1 MB)
Extracting: E:\boot\resources\bootres.dll (165.3 KB)
Extracting: E:\boot\resources\bootres_hci.dll (109.3 KB)
Extracting: E:\bootmgr (462.3 KB)
Extracting: E:\bootmgr.efi (2.6 MB)
Extracting: E:\efi\boot\bootx64.efi (2.6 MB)
Extracting: E:\efi\microsoft\boot\bcd (16 KB)
Extracting: E:\efi\microsoft\boot\boot.stl (10.8 KB)
Extracting: E:\efi\microsoft\boot\cdboot.efi (1012.8 KB)
Extracting: E:\efi\microsoft\boot\cdboot_noprompt.efi (1012.9 KB)
Extracting: E:\efi\microsoft\boot\cipolicies\active\{5dac656c-21ad-4a02-ab49-649917162e70}.cip (10.3 KB)
Extracting: E:\efi\microsoft\boot\cipolicies\active\{82443e1e-8a39-4b4a-96a8-f40ddc00b9f3}.cip (30.7 KB)
Extracting: E:\efi\microsoft\boot\cipolicies\active\{cdd5cb55-db68-4d71-aa38-3df2b6473a52}.cip (10.7 KB)
Extracting: E:\efi\microsoft\boot\efisys.bin (1.4 MB)
Extracting: E:\efi\microsoft\boot\efisys_noprompt.bin (1.4 MB)
Extracting: E:\efi\microsoft\boot\fonts\chs_boot.ttf (3.5 MB)
Extracting: E:\efi\microsoft\boot\fonts\cht_boot.ttf (3.7 MB)
Extracting: E:\efi\microsoft\boot\fonts\jpn_boot.ttf (1.9 MB)
Extracting: E:\efi\microsoft\boot\fonts\kor_boot.ttf (2.3 MB)
Extracting: E:\efi\microsoft\boot\fonts\malgun_boot.ttf (197.3 KB)
Extracting: E:\efi\microsoft\boot\fonts\malgun_console.ttf (81.4 KB)
Extracting: E:\efi\microsoft\boot\fonts\malgunn_boot.ttf (194.8 KB)
Extracting: E:\efi\microsoft\boot\fonts\meiryo_boot.ttf (171.9 KB)
Extracting: E:\efi\microsoft\boot\fonts\meiryo_console.ttf (90.4 KB)
Extracting: E:\efi\microsoft\boot\fonts\meiryon_boot.ttf (170 KB)
Extracting: E:\efi\microsoft\boot\fonts\msjh_boot.ttf (196.5 KB)
Extracting: E:\efi\microsoft\boot\fonts\msjh_console.ttf (200.1 KB)
Extracting: E:\efi\microsoft\boot\fonts\msjhn_boot.ttf (194.5 KB)
Extracting: E:\efi\microsoft\boot\fonts\msyh_boot.ttf (185.4 KB)
Extracting: E:\efi\microsoft\boot\fonts\msyh_console.ttf (96.3 KB)
Extracting: E:\efi\microsoft\boot\fonts\msyhn_boot.ttf (183.6 KB)
Extracting: E:\efi\microsoft\boot\fonts\segmono_boot.ttf (44.8 KB)
Extracting: E:\efi\microsoft\boot\fonts\segoe_slboot.ttf (100.6 KB)
Extracting: E:\efi\microsoft\boot\fonts\segoen_slboot.ttf (100.2 KB)
Extracting: E:\efi\microsoft\boot\fonts\wgl4_boot.ttf (48.9 KB)
Extracting: E:\efi\microsoft\boot\memtest.efi (2.4 MB)
Extracting: E:\efi\microsoft\boot\resources\bootres.dll (165.4 KB)
Extracting: E:\efi\microsoft\boot\resources\bootres_hci.dll (109.3 KB)
Extracting: E:\efi\microsoft\boot\winsipolicy.p7b (10.1 KB)
Extracting: E:\setup.exe (97.6 KB)
Extracting: E:\sources\_manifest\spdx_2.2\manifest.spdx.cose (5.2 KB)
Extracting: E:\sources\_manifest\spdx_2.2\manifest.spdx.json (604.6 KB)
Extracting: E:\sources\_manifest\spdx_2.2\manifest.spdx.json.sha256 (64 bytes)
Extracting: E:\sources\acmigration.dll (613.4 KB)
Extracting: E:\sources\acres.dll (341.4 KB)
Extracting: E:\sources\actionqueue.dll (261.3 KB)
Extracting: E:\sources\adfscomp.dll (73.4 KB)
Extracting: E:\sources\admtv3check.dll (101.5 KB)
Extracting: E:\sources\aeinv.dll (1.1 MB)
Extracting: E:\sources\alert.gif (1 KB)
Extracting: E:\sources\appcompat.xsl (11.4 KB)
Extracting: E:\sources\appcompat_bidi.xsl (12.2 KB)
Extracting: E:\sources\appcompat_detailed.xsl (13.3 KB)
Extracting: E:\sources\appcompat_detailed_bidi.xsl (13.4 KB)
Extracting: E:\sources\appcompat_detailed_bidi_txt.xsl (13.1 KB)
Extracting: E:\sources\appcompat_detailed_txt.xsl (13 KB)
Extracting: E:\sources\appcompatservicing.dll (93.4 KB)
Extracting: E:\sources\appextagent.dll (477.4 KB)
Extracting: E:\sources\appraiser.dll (2.5 MB)
Extracting: E:\sources\appraiser.sdb (2.7 MB)
Extracting: E:\sources\appraiserdatasha1.cat (10.4 KB)
Extracting: E:\sources\appraiserres.dll (157.3 KB)
Extracting: E:\sources\appraisersdblatestoshash.txt (90 bytes)
Extracting: E:\sources\arunimg.dll (149.3 KB)
Extracting: E:\sources\arunres.dll (25.3 KB)
Extracting: E:\sources\asz\arunimg.dll (149.4 KB)
Extracting: E:\sources\asz\arunres.dll (25.4 KB)
Extracting: E:\sources\asz\background_asz.bmp (4.8 KB)
Extracting: E:\sources\asz\en-us\arunres.dll.mui (6 KB)
Extracting: E:\sources\asz\en-us\spwizres.dll.mui (8.5 KB)
Extracting: E:\sources\asz\en-us\w32uires.dll.mui (201 KB)
Extracting: E:\sources\asz\setupmedia.cfg (25 bytes)
Extracting: E:\sources\asz\spwizimg.dll (93.3 KB)
Extracting: E:\sources\asz\spwizres.dll (25.4 KB)
Extracting: E:\sources\asz\w32uires.dll (217.4 KB)
Extracting: E:\sources\autorun.dll (209.4 KB)
Extracting: E:\sources\background_cli.bmp (4.7 KB)
Extracting: E:\sources\bcd.dll (158.7 KB)
Extracting: E:\sources\boot.wim (514 MB)
Extracting: E:\sources\bootsvc.dll (300 KB)
Extracting: E:\sources\ca-es\MediaSetupUIMgr.dll.mui (73 KB)
Extracting: E:\sources\cdplib.mof (1.9 KB)
Extracting: E:\sources\cdplibuninstall.mof (571 bytes)
Extracting: E:\sources\clustercompliance.dll (49.5 KB)
Extracting: E:\sources\cmi2migxml.dll (221.3 KB)
Extracting: E:\sources\cmisetup.dll (173.3 KB)
Extracting: E:\sources\compatappraiserresources.dll (225.4 KB)
Extracting: E:\sources\compatctrl.dll (193.4 KB)
Extracting: E:\sources\compatplugin.dll (73.4 KB)
Extracting: E:\sources\compatresources.dll (2.3 MB)
Extracting: E:\sources\compliance.ini (780 bytes)
Extracting: E:\sources\compres.dll (49.5 KB)
Extracting: E:\sources\cryptosetup.dll (49.5 KB)
Extracting: E:\sources\csiagent.dll (701.3 KB)
Extracting: E:\sources\cversion.ini (49 bytes)
Extracting: E:\sources\db_msftproductionwindowssigningca.cer (1.5 KB)
Extracting: E:\sources\deployprovider.dll (625.4 KB)
Extracting: E:\sources\devinv.dll (841.3 KB)
Extracting: E:\sources\diager.dll (97.3 KB)
Extracting: E:\sources\diagnostic.dll (213.3 KB)
Extracting: E:\sources\diagtrack.dll (1.3 MB)
Extracting: E:\sources\diagtrackrunner.exe (86.2 KB)
Extracting: E:\sources\dism.exe (321.4 KB)
Extracting: E:\sources\dismapi.dll (1.1 MB)
Extracting: E:\sources\dismcore.dll (465.3 KB)
Extracting: E:\sources\dismcoreps.dll (225.4 KB)
Extracting: E:\sources\dismprov.dll (293.3 KB)
Extracting: E:\sources\dlmanifests\accessibilitycpl-dl.man (4.6 KB)
Extracting: E:\sources\dlmanifests\activedirectory-webservices-dl.man (670 bytes)
Extracting: E:\sources\dlmanifests\activedirectory-wmireplicationprovider-dl.man (1.1 KB)
Extracting: E:\sources\dlmanifests\adsi-ldap-extensions-dl.man (3.6 KB)
Extracting: E:\sources\dlmanifests\adsi-ldap-provider-dl.man (1.6 KB)
Extracting: E:\sources\dlmanifests\adsi-router-dl.man (1.9 KB)
Extracting: E:\sources\dlmanifests\adsi-winnt-provider-dl.man (1.6 KB)
Extracting: E:\sources\dlmanifests\browserservice-dl.man (3.1 KB)
Extracting: E:\sources\dlmanifests\capi2_certs-dl.man (6.9 KB)
Extracting: E:\sources\dlmanifests\commandprompt-dl.man (2.8 KB)
Extracting: E:\sources\dlmanifests\coreos-dl.man (1.6 KB)
Extracting: E:\sources\dlmanifests\credential-manager-dl.man (2.2 KB)
Extracting: E:\sources\dlmanifests\crypto_keys-dl.man (2.9 KB)
Extracting: E:\sources\dlmanifests\cryptoconfig-dl.man (1.4 KB)
Extracting: E:\sources\dlmanifests\dfsclient-dl.man (1.6 KB)
Extracting: E:\sources\dlmanifests\dfsmgmt-dl.man (2 KB)
Extracting: E:\sources\dlmanifests\dhcpclient-dl.man (1.5 KB)
Extracting: E:\sources\dlmanifests\directoryservices-adam-dl.man (2.1 KB)
Extracting: E:\sources\dlmanifests\directoryservices-domain-dl.man (2 KB)
Extracting: E:\sources\dlmanifests\directoryservices-ism-smtp-dl.man (1.8 KB)
Extracting: E:\sources\dlmanifests\dns-client-dl.man (3.7 KB)
Extracting: E:\sources\dlmanifests\dns-server-service-dl.man (2.3 KB)
Extracting: E:\sources\dlmanifests\dpapi_keys-dl.man (4.4 KB)
Extracting: E:\sources\dlmanifests\etw-core-dl.man (1.4 KB)
Extracting: E:\sources\dlmanifests\etwtracing.man (5.9 KB)
Extracting: E:\sources\dlmanifests\eventlog-dl.man (1.7 KB)
Extracting: E:\sources\dlmanifests\explorer-dl.man (2.5 KB)
Extracting: E:\sources\dlmanifests\feclient-dl.man (1.6 KB)
Extracting: E:\sources\dlmanifests\fonts-type1-dl.man (794 bytes)
Extracting: E:\sources\dlmanifests\frs-core-dl.man (4.3 KB)
Extracting: E:\sources\dlmanifests\gpbase-dl.man (7.0 KB)
Extracting: E:\sources\dlmanifests\gpmc-dl.man (1.4 KB)
Extracting: E:\sources\dlmanifests\gpmgmt-dl.man (1.5 KB)
Extracting: E:\sources\dlmanifests\grouppolicy-admin-gpedit-dl.man (1.4 KB)
Extracting: E:\sources\dlmanifests\grouppolicy-admin-gpedit-snapin-dl.man (1.4 KB)
Extracting: E:\sources\dlmanifests\grouppolicy-cse-softwareinstallation-dl.man (1.9 KB)
Extracting: E:\sources\dlmanifests\grouppolicy-serveradmintools-gpmc-dl.man (1.7 KB)
Extracting: E:\sources\dlmanifests\ieframe-dl.man (1.1 KB)
Extracting: E:\sources\dlmanifests\ime-traditional-chinese-migration-dl.man (1.5 KB)
Extracting: E:\sources\dlmanifests\kerberos-key-distribution-center-dl.man (2 KB)
Extracting: E:\sources\dlmanifests\ldap-client-dl.man (1.5 KB)
Extracting: E:\sources\dlmanifests\microsoft-activedirectory-webservices-dl\adwsmigrate.dll (121.4 KB)
Extracting: E:\sources\dlmanifests\microsoft-windows-bits-client-dl.man (1.6 KB)
Extracting: E:\sources\dlmanifests\microsoft-windows-certificateservices-ca-dl.man (1.8 KB)
Extracting: E:\sources\dlmanifests\microsoft-windows-certificateservices-camanagement-dl.man (1.4 KB)
Extracting: E:\sources\dlmanifests\microsoft-windows-certificateservices-mscep-dl.man (1.7 KB)
Extracting: E:\sources\dlmanifests\microsoft-windows-com-complus-setup-dl\commig.dll (193.4 KB)
Extracting: E:\sources\dlmanifests\microsoft-windows-com-dtc-setup-dl\msdtcstp.dll (105.3 KB)
Extracting: E:\sources\dlmanifests\microsoft-windows-dhcpservermigplugin-dl\dhcpsrvmigplugin.dll (125.4 KB)
Extracting: E:\sources\dlmanifests\microsoft-windows-directoryservices-adam-dl\adammigrate.dll (153.3 KB)
Extracting: E:\sources\dlmanifests\microsoft-windows-errorreportingcore-dl.man (1.9 KB)
Extracting: E:\sources\dlmanifests\microsoft-windows-errorreportingfaults-dl.man (1.3 KB)
Extracting: E:\sources\dlmanifests\microsoft-windows-fax-client-applications-dl.man (3.7 KB)
Extracting: E:\sources\dlmanifests\microsoft-windows-fax-client-proenterprise-dl.man (1.8 KB)
Extracting: E:\sources\dlmanifests\microsoft-windows-fax-common-dl.man (4.7 KB)
Extracting: E:\sources\dlmanifests\microsoft-windows-fax-server-dl.man (1.8 KB)
Extracting: E:\sources\dlmanifests\microsoft-windows-fax-service-dl.man (7.5 KB)
Extracting: E:\sources\dlmanifests\microsoft-windows-htmlhelp-dl.man (1.7 KB)
Extracting: E:\sources\dlmanifests\microsoft-windows-iasserver-migplugin\iasmigplugin.dll (765.3 KB)
Extracting: E:\sources\dlmanifests\microsoft-windows-iasserver-migplugin\iasmigreader.exe (499.8 KB)
Extracting: E:\sources\dlmanifests\microsoft-windows-ie-clientnetworkprotocolimplementation-migration\wininetplugin.dll (37.3 KB)
Extracting: E:\sources\dlmanifests\microsoft-windows-ie-esc-dl.man (2 KB)
Extracting: E:\sources\dlmanifests\microsoft-windows-ie-feeds-platform-dl.man (2.3 KB)
Extracting: E:\sources\dlmanifests\microsoft-windows-ie-internetexplorer-dl.man (13.1 KB)
Extracting: E:\sources\dlmanifests\microsoft-windows-iis-corewebengine-deployment-dl.man (1.4 KB)
Extracting: E:\sources\dlmanifests\microsoft-windows-internet-naming-service-runtime\winsplgn.dll (81.4 KB)
Extracting: E:\sources\dlmanifests\microsoft-windows-msmq-messagingcoreservice\mqmigplugin.dll (185.4 KB)
Extracting: E:\sources\dlmanifests\microsoft-windows-netfx35-dl.man (8.8 KB)
Extracting: E:\sources\dlmanifests\microsoft-windows-netfx35cdfcomp-dl.man (1.2 KB)
Extracting: E:\sources\dlmanifests\microsoft-windows-netfxcorecomp-dl.man (44.1 KB)
Extracting: E:\sources\dlmanifests\microsoft-windows-networkbridge\bridgemigplugin.dll (133.3 KB)
Extracting: E:\sources\dlmanifests\microsoft-windows-networkloadbalancing-core\nlbmigplugin.dll (141.4 KB)
Extracting: E:\sources\dlmanifests\microsoft-windows-rasconnectionmanager\cmmigr.dll (97.3 KB)
Extracting: E:\sources\dlmanifests\microsoft-windows-rasserver-migplugin\rasmigplugin.dll (409.4 KB)
Extracting: E:\sources\dlmanifests\microsoft-windows-storagemigration-dl.man (8.0 KB)
Extracting: E:\sources\dlmanifests\microsoft-windows-tapisetup\tapimigplugin.dll (97.4 KB)
Extracting: E:\sources\dlmanifests\microsoft-windows-tapisetup-dl.man (2.5 KB)
Extracting: E:\sources\dlmanifests\microsoft-windows-terminalservices-clientactivexcore-dl.man (1.3 KB)
Extracting: E:\sources\dlmanifests\microsoft-windows-terminalservices-licenseserver\tlsmigplugin.dll (137.4 KB)
Extracting: E:\sources\dlmanifests\microsoft-windows-textservicesframework-migration-dl\chxmig.dll (165.4 KB)
Extracting: E:\sources\dlmanifests\microsoft-windows-textservicesframework-migration-dl\imjpmig.dll (209.4 KB)
Extracting: E:\sources\dlmanifests\microsoft-windows-textservicesframework-migration-dl\imkrmig.dll (137.4 KB)
Extracting: E:\sources\dlmanifests\microsoft-windows-textservicesframework-migration-dl\msctfmig.dll (169.3 KB)
Extracting: E:\sources\dlmanifests\microsoft-windows-textservicesframework-migration-dl\tabletextservicemig.dll (109.4 KB)
Extracting: E:\sources\dlmanifests\microsoft-windows-unimodem-config\modemmigplugin.dll (121.3 KB)
Extracting: E:\sources\dlmanifests\microsoft-windows-wab-dl.man (2.5 KB)
Extracting: E:\sources\dlmanifests\microsoft-windows-wcfcorecomp-dl.man (4.8 KB)
Extracting: E:\sources\dlmanifests\microsoft-windows-winsock-core-infrastructure-upgrade\wsupgrade.dll (249.3 KB)
Extracting: E:\sources\dlmanifests\microsoft-windows-wmi-core\wmimigrationplugin.dll (697.3 KB)
Extracting: E:\sources\dlmanifests\microsoft.windows.com.base-dl.man (1.8 KB)
Extracting: E:\sources\dlmanifests\microsoft.windows.com.complus.setup.dl.man (2.3 KB)
Extracting: E:\sources\dlmanifests\msmq-dcom-dl.man (1.7 KB)
Extracting: E:\sources\dlmanifests\msmq-domain-ic-dl.man (1.5 KB)
Extracting: E:\sources\dlmanifests\msmq-http-dl.man (2.2 KB)
Extracting: E:\sources\dlmanifests\msmq-messagingcoreservice-dl.man (6.6 KB)
Extracting: E:\sources\dlmanifests\msmq-multicast-dl.man (1.5 KB)
Extracting: E:\sources\dlmanifests\msmq-routing-dl.man (1.4 KB)
Extracting: E:\sources\dlmanifests\msmq-triggers-dl.man (1.7 KB)
Extracting: E:\sources\dlmanifests\mup-dl.man (1.5 KB)
Extracting: E:\sources\dlmanifests\netfx-wcf-http-activation-dl.man (1.2 KB)
Extracting: E:\sources\dlmanifests\netfx-wcf-msmqactivation-registration-dl.man (1.6 KB)
Extracting: E:\sources\dlmanifests\netfx-wcf-pipeactivation-registration-dl.man (1.6 KB)
Extracting: E:\sources\dlmanifests\netfx-wcf-tcpactivation-registration-dl.man (1.6 KB)
Extracting: E:\sources\dlmanifests\netfx-wcf-tcpportsharing-dl.man (1.1 KB)
Extracting: E:\sources\dlmanifests\netfx3-dl.man (1.5 KB)
Extracting: E:\sources\dlmanifests\netfx4-wcf-client-dl.man (1.5 KB)
Extracting: E:\sources\dlmanifests\netfx4-wcf-extended-dl.man (1.4 KB)
Extracting: E:\sources\dlmanifests\netfx4clientcorecomp-dl.man (15.5 KB)
Extracting: E:\sources\dlmanifests\netlogon-dl.man (2 KB)
Extracting: E:\sources\dlmanifests\networking-mpssvc-svc\icfupgd.dll (165.4 KB)
Extracting: E:\sources\dlmanifests\ntfs-dl.man (4.0 KB)
Extracting: E:\sources\dlmanifests\ntoskrnl-dl.man (7.8 KB)
Extracting: E:\sources\dlmanifests\odbc32dll-dl.man (4.7 KB)
Extracting: E:\sources\dlmanifests\partmgr-dl.man (1 KB)
Extracting: E:\sources\dlmanifests\printing-spooler-core-dl.man (2.5 KB)
Extracting: E:\sources\dlmanifests\printing-spooler-networkclient-dl.man (2.2 KB)
Extracting: E:\sources\dlmanifests\rights-management-client-v1-api-dl.man (3.2 KB)
Extracting: E:\sources\dlmanifests\rights-management-services-server-dl.man (3.2 KB)
Extracting: E:\sources\dlmanifests\rpc-http-dl.man (1.6 KB)
Extracting: E:\sources\dlmanifests\rpc-http_proxy-dl.man (1.4 KB)
Extracting: E:\sources\dlmanifests\rpc-local-dl.man (1.8 KB)
Extracting: E:\sources\dlmanifests\rpc-remote-dl.man (1.9 KB)
Extracting: E:\sources\dlmanifests\schannel-dl.man (1.4 KB)
Extracting: E:\sources\dlmanifests\schedsvc-dl.man (1.9 KB)
Extracting: E:\sources\dlmanifests\security-digest-dl.man (803 bytes)
Extracting: E:\sources\dlmanifests\security-kerberos-dl.man (803 bytes)
Extracting: E:\sources\dlmanifests\security-ntlm-dl.man (1.4 KB)
Extracting: E:\sources\dlmanifests\security-ntlm-lmc.man (1.1 KB)
Extracting: E:\sources\dlmanifests\shutdown-event-tracker-dl.man (1.3 KB)
Extracting: E:\sources\dlmanifests\smartcardsubsystem-dl.man (3.7 KB)
Extracting: E:\sources\dlmanifests\smbserver-dl.man (13.7 KB)
Extracting: E:\sources\dlmanifests\smss-dl.man (1.7 KB)
Extracting: E:\sources\dlmanifests\smtpsvc-admin-dl.man (1.1 KB)
Extracting: E:\sources\dlmanifests\smtpsvc-service-dl.man (1.2 KB)
Extracting: E:\sources\dlmanifests\speechcommon-dl.man (2.8 KB)
Extracting: E:\sources\dlmanifests\tabletpc-tabbtn-dl.man (1.7 KB)
Extracting: E:\sources\dlmanifests\tabletpcinputpanel-dl.man (1.4 KB)
Extracting: E:\sources\dlmanifests\tabletpcjournal-dl.man (8.5 KB)
Extracting: E:\sources\dlmanifests\tabletpcplatforminput-core-dl.man (1.1 KB)
Extracting: E:\sources\dlmanifests\terminalservices-appserver-dl.man (1.5 KB)
Extracting: E:\sources\dlmanifests\terminalservices-appserver-licensing-dl.man (1.3 KB)
Extracting: E:\sources\dlmanifests\terminalservices-drivers-dl.man (1.1 KB)
Extracting: E:\sources\dlmanifests\terminalservices-licenseserver-dl.man (2.2 KB)
Extracting: E:\sources\dlmanifests\terminalservices-localsessionmanager-dl.man (1.4 KB)
Extracting: E:\sources\dlmanifests\terminalservices-rdp-winstationextensions-dl.man (20.4 KB)
Extracting: E:\sources\dlmanifests\terminalservices-remoteconnectionmanager-dl.man (1.4 KB)
Extracting: E:\sources\dlmanifests\terminalservices-sessiondirectory-client-dl.man (2.2 KB)
Extracting: E:\sources\dlmanifests\terminalservices-sessiondirectory-server-dl.man (2.4 KB)
Extracting: E:\sources\dlmanifests\terminalservices-terminalservicesclient-dl.man (1.9 KB)
Extracting: E:\sources\dlmanifests\textservicesframework-migration-dl.man (2.8 KB)
Extracting: E:\sources\dlmanifests\video-tvvideocontrol-dl.man (2.0 KB)
Extracting: E:\sources\dlmanifests\volsnap-dl.man (1 KB)
Extracting: E:\sources\dlmanifests\wcf-http-activation-dl.man (2.0 KB)
Extracting: E:\sources\dlmanifests\wcf-http-activation-postapply-dl.man (1.5 KB)
Extracting: E:\sources\dlmanifests\wcf-nonhttp-activation-dl.man (1.5 KB)
Extracting: E:\sources\dlmanifests\web-services-for-management-core-dl.man (1.9 KB)
Extracting: E:\sources\dlmanifests\webenroll-dl.man (1.6 KB)
Extracting: E:\sources\dlmanifests\win32k-settings-dl.man (12.2 KB)
Extracting: E:\sources\dlmanifests\windowssearchengine-dl.man (5.7 KB)
Extracting: E:\sources\dlmanifests\winlogon-dl.man (2.8 KB)
Extracting: E:\sources\dlmanifests\wmi-core-dl.man (2.3 KB)
Extracting: E:\sources\dlmanifests\workstationservice-dl.man (1.8 KB)
Extracting: E:\sources\du.dll (205.4 KB)
Extracting: E:\sources\en-us\acres.dll.mui (322.5 KB)
Extracting: E:\sources\en-us\actionqueue.dll.mui (3.5 KB)
Extracting: E:\sources\en-us\appraiser.dll.mui (3.5 KB)
Extracting: E:\sources\en-us\arunres.dll.mui (5.5 KB)
Extracting: E:\sources\en-us\cmisetup.dll.mui (4.5 KB)
Extracting: E:\sources\en-us\compatappraiserresources.dll.mui (7 KB)
Extracting: E:\sources\en-us\compatctrl.dll.mui (4.5 KB)
Extracting: E:\sources\en-us\compatresources.dll.mui (23 KB)
Extracting: E:\sources\en-us\compres.dll.mui (30 KB)
Extracting: E:\sources\en-us\credits.htm (6.9 MB)
Extracting: E:\sources\en-us\credits.txt (10.2 MB)
Extracting: E:\sources\en-us\deployprovider.dll.mui (2.5 KB)
Extracting: E:\sources\en-us\dism.exe.mui (29.5 KB)
Extracting: E:\sources\en-us\dismapi.dll.mui (5 KB)
Extracting: E:\sources\en-us\dismcore.dll.mui (7.5 KB)
Extracting: E:\sources\en-us\dismprov.dll.mui (2.5 KB)
Extracting: E:\sources\en-us\erofflps.txt (276 bytes)
Extracting: E:\sources\en-us\folderprovider.dll.mui (2.5 KB)
Extracting: E:\sources\en-us\imagingprovider.dll.mui (18.5 KB)
Extracting: E:\sources\en-us\input.dll.mui (25 KB)
Extracting: E:\sources\en-us\logprovider.dll.mui (6 KB)
Extracting: E:\sources\en-us\mediasetupuimgr.dll.mui (73 KB)
Extracting: E:\sources\en-us\migres.dll.mui (7.5 KB)
Extracting: E:\sources\en-us\nlsbres.dll.mui (65 KB)
Extracting: E:\sources\en-us\oobe_help_opt_in_details.rtf (108.6 KB)
Extracting: E:\sources\en-us\osimageprovider.dll.mui (3 KB)
Extracting: E:\sources\en-us\pnpibs.dll.mui (5 KB)
Extracting: E:\sources\en-us\privacy.rtf (771 bytes)
Extracting: E:\sources\en-us\reagent.adml (1.8 KB)
Extracting: E:\sources\en-us\reagent.dll.mui (10.5 KB)
Extracting: E:\sources\en-us\rollback.exe.mui (4.5 KB)
Extracting: E:\sources\en-us\setup.exe.mui (18 KB)
Extracting: E:\sources\en-us\setupcompat.dll.mui (3 KB)
Extracting: E:\sources\en-us\setupcore.dll.mui (18.5 KB)
Extracting: E:\sources\en-us\setuperror.exe.mui (3.5 KB)
Extracting: E:\sources\en-us\setupmgr.dll.mui (2.5 KB)
Extracting: E:\sources\en-us\setupplatform.exe.mui (13.8 KB)
Extracting: E:\sources\en-us\setupprep.exe.mui (26 KB)
Extracting: E:\sources\en-us\smiengine.dll.mui (12 KB)
Extracting: E:\sources\en-us\spwizres.dll.mui (8 KB)
Extracting: E:\sources\en-us\upgloader.dll.mui (4.5 KB)
Extracting: E:\sources\en-us\uxlibres.dll.mui (3 KB)
Extracting: E:\sources\en-us\vhdprovider.dll.mui (7.5 KB)
Extracting: E:\sources\en-us\vofflps.rtf (769 bytes)
Extracting: E:\sources\en-us\w32uires.dll.mui (201 KB)
Extracting: E:\sources\en-us\wdsclient.dll.mui (7.5 KB)
Extracting: E:\sources\en-us\wdsimage.dll.mui (6 KB)
Extracting: E:\sources\en-us\wimgapi.dll.mui (16 KB)
Extracting: E:\sources\en-us\wimprovider.dll.mui (27.5 KB)
Extracting: E:\sources\en-us\windlp.dll.mui (5.5 KB)
Extracting: E:\sources\en-us\winsetup.dll.mui (52.5 KB)
Extracting: E:\sources\etwproviders\actionqueueetw.dll (21.4 KB)
Extracting: E:\sources\etwproviders\auditetw.dll (25.6 KB)
Extracting: E:\sources\etwproviders\cmisetupetw.dll (25.6 KB)
Extracting: E:\sources\etwproviders\en-us\actionqueueetw.dll.mui (3.5 KB)
Extracting: E:\sources\etwproviders\etwproviderinstall.vbs (6.7 KB)
Extracting: E:\sources\etwproviders\oobeldretw.dll (25.4 KB)
Extracting: E:\sources\etwproviders\setupcletw.dll (29.5 KB)
Extracting: E:\sources\etwproviders\setupetw.dll (29.4 KB)
Extracting: E:\sources\etwproviders\setupugcetw.dll (25.4 KB)
Extracting: E:\sources\etwproviders\sysprepetw.dll (29.4 KB)
Extracting: E:\sources\etwproviders\windeployetw.dll (25.5 KB)
Extracting: E:\sources\etwproviders\winsetupetw.dll (73.6 KB)
Extracting: E:\sources\eu-es\MediaSetupUIMgr.dll.mui (73 KB)
Extracting: E:\sources\facilitator.dll (1.1 MB)
Extracting: E:\sources\folderprovider.dll (93.3 KB)
Extracting: E:\sources\gl-es\MediaSetupUIMgr.dll.mui (73 KB)
Extracting: E:\sources\hwcompat.dll (237.3 KB)
Extracting: E:\sources\hwcompat.txt (940.7 KB)
Extracting: E:\sources\hwcompatPE.txt (257 bytes)
Extracting: E:\sources\hwexclude.txt (51 bytes)
Extracting: E:\sources\hwexcludePE.txt (15 bytes)
Extracting: E:\sources\hwreqchk.dll (413.4 KB)
Extracting: E:\sources\hypervcomplcheck.dll (245.6 KB)
Extracting: E:\sources\iasmigplugin.dll (765.3 KB)
Extracting: E:\sources\icbexclusion.inf (7.1 KB)
Extracting: E:\sources\id-id\MediaSetupUIMgr.dll.mui (73 KB)
Extracting: E:\sources\idwbinfo.txt (122 bytes)
Extracting: E:\sources\iiscomp.dll (49.6 KB)
Extracting: E:\sources\imagelib.dll (989.4 KB)
Extracting: E:\sources\imagingprovider.dll (241.3 KB)
Extracting: E:\sources\inf\setup.cfg (3.5 KB)
Extracting: E:\sources\input.dll (373.4 KB)
Extracting: E:\sources\install.wim (4.7 GB)
Extracting: E:\sources\itgtupg.dll (113.5 KB)
Extracting: E:\sources\lang.ini (78 bytes)
Extracting: E:\sources\locale.nls (841.8 KB)
Extracting: E:\sources\logprovider.dll (185.4 KB)
Extracting: E:\sources\mediasetupuimgr.dll (1.6 MB)
Extracting: E:\sources\microsoft.media.playready.appraiser.dll (216.1 KB)
Extracting: E:\sources\migapp.dll (321.4 KB)
Extracting: E:\sources\migapp.xml (639.2 KB)
Extracting: E:\sources\migcore.dll (8.8 MB)
Extracting: E:\sources\mighost.exe (281.3 KB)
Extracting: E:\sources\migisol.dll (145.3 KB)
Extracting: E:\sources\migration\wtr\adminpack_en-us.inf (651 bytes)
Extracting: E:\sources\migration\wtr\adminpack_en-us_noloc.inf (414 bytes)
Extracting: E:\sources\migration\wtr\appmanwtr.inf (16.8 KB)
Extracting: E:\sources\migration\wtr\browserchoice_win7.inf (7 KB)
Extracting: E:\sources\migration\wtr\browserchoice_win8.inf (1.6 KB)
Extracting: E:\sources\migration\wtr\compattelemetry.inf (1.6 KB)
Extracting: E:\sources\migration\wtr\ftp_7.0.inf (1.6 KB)
Extracting: E:\sources\migration\wtr\ftp_7.5_en-us_noloc.inf (2.1 KB)
Extracting: E:\sources\migration\wtr\ftp_7.5_loc.inf (2.7 KB)
Extracting: E:\sources\migration\wtr\gwxmig.inf (1.1 KB)
Extracting: E:\sources\migration\wtr\powershell_en-us_noloc.inf (1002 bytes)
Extracting: E:\sources\migration\wtr\powershell_loc.inf (2.5 KB)
Extracting: E:\sources\migration\wtr\unpmig.inf (9.8 KB)
Extracting: E:\sources\migration\wtr\webdav_7.0.inf (724 bytes)
Extracting: E:\sources\migration\wtr\webdav_7.5_en-us_noloc.inf (961 bytes)
Extracting: E:\sources\migration\wtr\webdav_7.5_loc.inf (1.2 KB)
Extracting: E:\sources\migres.dll (25.4 KB)
Extracting: E:\sources\migstore.dll (1.2 MB)
Extracting: E:\sources\migsys.dll (453.4 KB)
Extracting: E:\sources\migtestplugin.dll (73.6 KB)
Extracting: E:\sources\mitigation.dll (329.3 KB)
Extracting: E:\sources\mxeagent.dll (377.4 KB)
Extracting: E:\sources\nlsbres.dll (101.3 KB)
Extracting: E:\sources\ntdsupg.dll (53.5 KB)
Extracting: E:\sources\ntfrsupg.dll (73.6 KB)
Extracting: E:\sources\nxquery.inf (1.4 KB)
Extracting: E:\sources\nxquery.sys (53.4 KB)
Extracting: E:\sources\offline.xml (43.5 KB)
Extracting: E:\sources\offlineprofileutils.dll (237.4 KB)
Extracting: E:\sources\oscomps.xml (438.8 KB)
Extracting: E:\sources\osfilter.inf (20.8 KB)
Extracting: E:\sources\osimageprovider.dll (317.3 KB)
Extracting: E:\sources\outofbox_windows_db.bin (4.7 KB)
Extracting: E:\sources\pnpibs.dll (97.3 KB)
Extracting: E:\sources\pnppropmig.dll (105.4 KB)
Extracting: E:\sources\rdsupgcheck.dll (49.4 KB)
Extracting: E:\sources\reagent.admx (1.2 KB)
Extracting: E:\sources\reagent.dll (589.3 KB)
Extracting: E:\sources\reagent.xml (837 bytes)
Extracting: E:\sources\replacementmanifests\FailoverCluster-ClusSvc-Replacement.man (2.4 KB)
Extracting: E:\sources\replacementmanifests\Microsoft-Windows-ClusterUpgradePlugin\ClusterUpgradePlugin.dll (113.4 KB)
Extracting: E:\sources\replacementmanifests\activedirectory-webservices-replacement.man (1.7 KB)
Extracting: E:\sources\replacementmanifests\adsi-router-replacement.man (1.9 KB)
Extracting: E:\sources\replacementmanifests\application-experience-program-compatibility-assistant-replacement.man (11.7 KB)
Extracting: E:\sources\replacementmanifests\appmanmigration-replacement.man (2 KB)
Extracting: E:\sources\replacementmanifests\appxalluserstore-replacement.man (2 KB)
Extracting: E:\sources\replacementmanifests\appxdeploymentserver-replacement.man (10.2 KB)
Extracting: E:\sources\replacementmanifests\audio-audiocore-client-replacement.man (3.2 KB)
Extracting: E:\sources\replacementmanifests\audiommecore-mm-other-migration-replacement.man (1.3 KB)
Extracting: E:\sources\replacementmanifests\authui-migration-replacement.man (8 KB)
Extracting: E:\sources\replacementmanifests\authui-migration-win8-replacement.man (11.3 KB)
Extracting: E:\sources\replacementmanifests\azshci-service-migration-replacement.man (869 bytes)
Extracting: E:\sources\replacementmanifests\bisrv-replacement.man (1.5 KB)
Extracting: E:\sources\replacementmanifests\capi2_certs-repl.man (12.7 KB)
Extracting: E:\sources\replacementmanifests\certificateenrollment-replacement.man (976 bytes)
Extracting: E:\sources\replacementmanifests\cliplicensemigration-replacement.man (3.9 KB)
Extracting: E:\sources\replacementmanifests\cloudapreplacement.man (1.7 KB)
Extracting: E:\sources\replacementmanifests\cloudexperiencehostonecore-replacement.man (972 bytes)
Extracting: E:\sources\replacementmanifests\codeintegrity-repl.man (3.2 KB)
Extracting: E:\sources\replacementmanifests\commandprompt-win7-replacement.man (2.7 KB)
Extracting: E:\sources\replacementmanifests\commandprompt-win8-replacement.man (11.4 KB)
Extracting: E:\sources\replacementmanifests\contentdeliverymanager.utilities-replacement.man (7.2 KB)
Extracting: E:\sources\replacementmanifests\coremmres-replacement.man (1.1 KB)
Extracting: E:\sources\replacementmanifests\coreos-repl.man (1.6 KB)
Extracting: E:\sources\replacementmanifests\credential-manager-replacement.man (5.3 KB)
Extracting: E:\sources\replacementmanifests\crypto_keys-repl.man (2.8 KB)
Extracting: E:\sources\replacementmanifests\dataintegrityscan-replacement.man (1.2 KB)
Extracting: E:\sources\replacementmanifests\dcb-repl.man (734 bytes)
Extracting: E:\sources\replacementmanifests\desktopux-replacement.man (5.2 KB)
Extracting: E:\sources\replacementmanifests\deviceassociationframework-replacement.man (1.5 KB)
Extracting: E:\sources\replacementmanifests\devicedirectory-devicedirectoryclient-desktop-replacement.man (1.2 KB)
Extracting: E:\sources\replacementmanifests\deviceregistration-replacement.man (1 KB)
Extracting: E:\sources\replacementmanifests\dhcpclientdll-repl.man (4 KB)
Extracting: E:\sources\replacementmanifests\dhcpserver-tools-replacement.man (654 bytes)
Extracting: E:\sources\replacementmanifests\dhcpservermigplugin-rep.man (12.5 KB)
Extracting: E:\sources\replacementmanifests\dhcpservermigpluginwin8-replacement.man (6.0 KB)
Extracting: E:\sources\replacementmanifests\directaccessservermanagement-repl.man (1.2 KB)
Extracting: E:\sources\replacementmanifests\directoryservices-adam-client-replacement.man (1 KB)
Extracting: E:\sources\replacementmanifests\directoryservices-adam-tools-replacement.man (682 bytes)
Extracting: E:\sources\replacementmanifests\directoryservices-administrativecenter-replacement.man (684 bytes)
Extracting: E:\sources\replacementmanifests\directoryservices-domaincontroller-servercoreupg-replacement.man (1.1 KB)
Extracting: E:\sources\replacementmanifests\directoryservices-domaincontroller-tools-replacement.man (700 bytes)
Extracting: E:\sources\replacementmanifests\directoryservices-sm-plugin.registration-replacement.man (1.6 KB)
Extracting: E:\sources\replacementmanifests\displayconfigsettings_win7update.man (2.2 KB)
Extracting: E:\sources\replacementmanifests\dmrcwin7replacement.man (2.8 KB)
Extracting: E:\sources\replacementmanifests\dns-client-mw-replacement.man (7.5 KB)
Extracting: E:\sources\replacementmanifests\dns-client-replacement.man (2.2 KB)
Extracting: E:\sources\replacementmanifests\dns-server-role-replacement.man (820 bytes)
Extracting: E:\sources\replacementmanifests\dns-server-tools-replacement.man (652 bytes)
Extracting: E:\sources\replacementmanifests\dpapi_keys-repl.man (4.2 KB)
Extracting: E:\sources\replacementmanifests\dsreg-replacement.man (1.6 KB)
Extracting: E:\sources\replacementmanifests\edgemigrationplugin.man (923 bytes)
Extracting: E:\sources\replacementmanifests\edpnotify-replacement.man (830 bytes)
Extracting: E:\sources\replacementmanifests\elam-replacement.man (1016 bytes)
Extracting: E:\sources\replacementmanifests\etw-core-replacement.man (1.3 KB)
Extracting: E:\sources\replacementmanifests\eudcedit-replacement.man (2.1 KB)
Extracting: E:\sources\replacementmanifests\explorer-repl.man (4.8 KB)
Extracting: E:\sources\replacementmanifests\extensibleauthenticationprotocolhostservice-rep.man (2.9 KB)
Extracting: E:\sources\replacementmanifests\failovercluster-core-wow64-rm.man (932 bytes)
Extracting: E:\sources\replacementmanifests\failovercluster-updating-powershellcore-replacement.man (2.7 KB)
Extracting: E:\sources\replacementmanifests\feclient-replacement-th.man (1017 bytes)
Extracting: E:\sources\replacementmanifests\fidocredprov_dll_repl.man (1.5 KB)
Extracting: E:\sources\replacementmanifests\fileserver-replacement.man (1.3 KB)
Extracting: E:\sources\replacementmanifests\font-truetype-fontsregistrysettingsmigration-replacement.man (99.3 KB)
Extracting: E:\sources\replacementmanifests\fonts-type1-replacement.man (1.3 KB)
Extracting: E:\sources\replacementmanifests\fsdepends-replacement.man (916 bytes)
Extracting: E:\sources\replacementmanifests\fundisc-replacement.man (1.4 KB)
Extracting: E:\sources\replacementmanifests\fveapi-replacement.man (1.1 KB)
Extracting: E:\sources\replacementmanifests\gatewayservice-replacement.man (1.7 KB)
Extracting: E:\sources\replacementmanifests\gpbase-replacement.man (9.9 KB)
Extracting: E:\sources\replacementmanifests\gpiobuttons-replacement.man (1.2 KB)
Extracting: E:\sources\replacementmanifests\hal-repl.man (1.2 KB)
Extracting: E:\sources\replacementmanifests\helpandsupport-replacement.man (1 KB)
Extracting: E:\sources\replacementmanifests\http-replacement.man (948 bytes)
Extracting: E:\sources\replacementmanifests\hwvid-migration-2\hwvidmigplugin.dll (101.4 KB)
Extracting: E:\sources\replacementmanifests\hwvid-migration-replacement-2.man (1 KB)
Extracting: E:\sources\replacementmanifests\hyperv-compute-host-service-replacement.man (1.8 KB)
Extracting: E:\sources\replacementmanifests\iasruntime-repl.man (6.3 KB)
Extracting: E:\sources\replacementmanifests\identityserver-migration-replacement.man (1.4 KB)
Extracting: E:\sources\replacementmanifests\identityserver-proxymigration-replacement.man (1.9 KB)
Extracting: E:\sources\replacementmanifests\identitystore-replacement.man (1.2 KB)
Extracting: E:\sources\replacementmanifests\iis-adminservice-rm.man (978 bytes)
Extracting: E:\sources\replacementmanifests\iis-appwarmup-rm.man (1 KB)
Extracting: E:\sources\replacementmanifests\iis-ftpsvc-rm.man (975 bytes)
Extracting: E:\sources\replacementmanifests\iis-managementconsole-rm.man (751 bytes)
Extracting: E:\sources\replacementmanifests\iis-sharedlibraries-rm.man (1.8 KB)
Extracting: E:\sources\replacementmanifests\iis-w3logsvc-rm.man (1.3 KB)
Extracting: E:\sources\replacementmanifests\iis-w3svc-rm.man (1.3 KB)
Extracting: E:\sources\replacementmanifests\ime-eashared-migration-replacement.man (1.5 KB)
Extracting: E:\sources\replacementmanifests\international-core-replacement.man (4.8 KB)
Extracting: E:\sources\replacementmanifests\international-timezones-replacement.man (3.5 KB)
Extracting: E:\sources\replacementmanifests\internet-naming-service-runtime-rep.man (4.5 KB)
Extracting: E:\sources\replacementmanifests\internet-naming-tools-replacement.man (660 bytes)
Extracting: E:\sources\replacementmanifests\ioschedfilter-replacement.man (917 bytes)
Extracting: E:\sources\replacementmanifests\ipv4ipv6coexistencemigration-net-replacement.man (3.7 KB)
Extracting: E:\sources\replacementmanifests\kernel-pnp-repl.man (1.3 KB)
Extracting: E:\sources\replacementmanifests\kernel-server-replacement.man (1.3 KB)
Extracting: E:\sources\replacementmanifests\kernel32-replacement.man (896 bytes)
Extracting: E:\sources\replacementmanifests\kernel32-server-replacement.man (657 bytes)
Extracting: E:\sources\replacementmanifests\keyboardfilter-replacement.man (1.1 KB)
Extracting: E:\sources\replacementmanifests\ldap-client-replacement.man (1.4 KB)
Extracting: E:\sources\replacementmanifests\legacy-sapi-repl.man (4.7 KB)
Extracting: E:\sources\replacementmanifests\mdm_migration-replacement.man (25.0 KB)
Extracting: E:\sources\replacementmanifests\media-settings-migration-replacement.man (993 bytes)
Extracting: E:\sources\replacementmanifests\memextdriver-replacement.man (1.9 KB)
Extracting: E:\sources\replacementmanifests\mfmpeg2srcsnk-migration-replacement.man (1 KB)
Extracting: E:\sources\replacementmanifests\mfplat-migration-replacement.man (2.8 KB)
Extracting: E:\sources\replacementmanifests\mfsrcsnk-migration-replacement.man (1.1 KB)
Extracting: E:\sources\replacementmanifests\microsoft-activedirectory-powershell-replacement.man (721 bytes)
Extracting: E:\sources\replacementmanifests\microsoft-activedirectory-webservices\adwsmigrate.dll (121.4 KB)
Extracting: E:\sources\replacementmanifests\microsoft-azurestack-hci-plugin\azshcimigplugin.dll (109.4 KB)
Extracting: E:\sources\replacementmanifests\microsoft-certificateauthority-enrollment-serverupgrade-replacement.man (1.9 KB)
Extracting: E:\sources\replacementmanifests\microsoft-certificateservices-ca-serverupgrade-replacement.man (2 KB)
Extracting: E:\sources\replacementmanifests\microsoft-certificateservices-mscep-serverupgrade-replacement.man (2.0 KB)
Extracting: E:\sources\replacementmanifests\microsoft-certificateservices-ocsp-serverupgrade-replacement.man (1.9 KB)
Extracting: E:\sources\replacementmanifests\microsoft-certificateservices-policy-serverupgrade-replacement.man (1.9 KB)
Extracting: E:\sources\replacementmanifests\microsoft-certificateservices-webenrollment-serverupgrade-replacement.man (2 KB)
Extracting: E:\sources\replacementmanifests\microsoft-client-license-platform-service-migration\clipmigplugin.dll (265.3 KB)
Extracting: E:\sources\replacementmanifests\microsoft-edge-migration-plugin\edgemigrationplugin.dll (157.4 KB)
Extracting: E:\sources\replacementmanifests\microsoft-hyper-v-client-migration-replacement.man (1.3 KB)
Extracting: E:\sources\replacementmanifests\microsoft-hyper-v-drivers-migration-replacement.man (634 bytes)
Extracting: E:\sources\replacementmanifests\microsoft-hyper-v-migration-replacement.man (5.9 KB)
Extracting: E:\sources\replacementmanifests\microsoft-onecore-tiledatarepository\tilestoremigrationplugin.dll (157.4 KB)
Extracting: E:\sources\replacementmanifests\microsoft-onecore-tiledatarepository-replacement.man (933 bytes)
Extracting: E:\sources\replacementmanifests\microsoft-windows-advertisingid-replacement.man (1.2 KB)
Extracting: E:\sources\replacementmanifests\microsoft-windows-appmanagement-migration\appmanmigrationplugin.dll (1.1 MB)
Extracting: E:\sources\replacementmanifests\microsoft-windows-appx-deployment-server\appxprovisioning.xml (22.7 KB)
Extracting: E:\sources\replacementmanifests\microsoft-windows-appx-deployment-server\appxupgrademigrationplugin.dll (569.3 KB)
Extracting: E:\sources\replacementmanifests\microsoft-windows-appx-deployment-server\microsoft.windows.secondarytileexperience_10.0.0.0_neutral__cw5n1h2txyewy.xml (1.7 KB)
Extracting: E:\sources\replacementmanifests\microsoft-windows-appx-deployment-server\windows.miracastview_6.3.0.0_neutral_neutral_cw5n1h2txyewy.xml (1.5 KB)
Extracting: E:\sources\replacementmanifests\microsoft-windows-audio-mmecore-other\audmigplugin.dll (121.4 KB)
Extracting: E:\sources\replacementmanifests\microsoft-windows-com-complus-setup\commig.dll (193.4 KB)
Extracting: E:\sources\replacementmanifests\microsoft-windows-coresystem-initmachineconfig-replacement.man (898 bytes)
Extracting: E:\sources\replacementmanifests\microsoft-windows-credentialmanagementrole-replacement.man (1.9 KB)
Extracting: E:\sources\replacementmanifests\microsoft-windows-credentialmanagementrole-tools-replacement.man (1.3 KB)
Extracting: E:\sources\replacementmanifests\microsoft-windows-deployment-services-admin-pack-replacement.man (690 bytes)
Extracting: E:\sources\replacementmanifests\microsoft-windows-deviceaccess-replacement.man (1.4 KB)
Extracting: E:\sources\replacementmanifests\microsoft-windows-deviceassociationframeworkmigration\dafmigplugin.dll (325.4 KB)
Extracting: E:\sources\replacementmanifests\microsoft-windows-directoryservices-adam-client\adammigrate.dll (153.4 KB)
Extracting: E:\sources\replacementmanifests\microsoft-windows-diskmonitor\diskmonmigplugin.dll (172 KB)
Extracting: E:\sources\replacementmanifests\microsoft-windows-enterprisemgmt-replacement.man (1.2 KB)
Extracting: E:\sources\replacementmanifests\microsoft-windows-errorreportingcore-replacement.man (17.7 KB)
Extracting: E:\sources\replacementmanifests\microsoft-windows-errorreportingfaults-replacement.man (1.3 KB)
Extracting: E:\sources\replacementmanifests\microsoft-windows-failovercluster-adminpak-replacement.man (657 bytes)
Extracting: E:\sources\replacementmanifests\microsoft-windows-familysafety-refreshtask-replacement.man (2.0 KB)
Extracting: E:\sources\replacementmanifests\microsoft-windows-fax-service-replacement.man (3.9 KB)
Extracting: E:\sources\replacementmanifests\microsoft-windows-feedback-service-replacement.man (1.4 KB)
Extracting: E:\sources\replacementmanifests\microsoft-windows-flighting-settings.replacement.man (4.8 KB)
Extracting: E:\sources\replacementmanifests\microsoft-windows-geolocation-replacement.man (1.8 KB)
Extracting: E:\sources\replacementmanifests\microsoft-windows-identity-foundation-migration-replacement.man (2.1 KB)
Extracting: E:\sources\replacementmanifests\microsoft-windows-ie-adminkitbranding-repl.man (4.1 KB)
Extracting: E:\sources\replacementmanifests\microsoft-windows-ie-clientnetworkprotocolimplementation-repl.man (19.1 KB)
Extracting: E:\sources\replacementmanifests\microsoft-windows-ie-internetexplorer-repl-2.man (19.5 KB)
Extracting: E:\sources\replacementmanifests\microsoft-windows-ie-internetexplorer-repl.man (16.5 KB)
Extracting: E:\sources\replacementmanifests\microsoft-windows-ie-pdm-replacement.man (2.8 KB)
Extracting: E:\sources\replacementmanifests\microsoft-windows-iis-rm\iismig.dll (389.4 KB)
Extracting: E:\sources\replacementmanifests\microsoft-windows-ime-traditional-chinese-core-replacement.man (9.0 KB)
Extracting: E:\sources\replacementmanifests\microsoft-windows-mapscontrol-migration\mapsmigplugin.dll (125.3 KB)
Extracting: E:\sources\replacementmanifests\microsoft-windows-mup\mupmigplugin.dll (145.4 KB)
Extracting: E:\sources\replacementmanifests\microsoft-windows-netfx35cdfcomp-replacement.man (869 bytes)
Extracting: E:\sources\replacementmanifests\microsoft-windows-netfxcorecomp-repl.man (44.7 KB)
Extracting: E:\sources\replacementmanifests\microsoft-windows-network-setup\netsetupapi.dll (177.4 KB)
Extracting: E:\sources\replacementmanifests\microsoft-windows-network-setup\netsetupengine.dll (889.4 KB)
Extracting: E:\sources\replacementmanifests\microsoft-windows-network-setup\networkbindingenginemigplugin.dll (373.3 KB)
Extracting: E:\sources\replacementmanifests\microsoft-windows-network-setup-replacement.man (895 bytes)
Extracting: E:\sources\replacementmanifests\microsoft-windows-networkbridge-replacement.man (707 bytes)
Extracting: E:\sources\replacementmanifests\microsoft-windows-networkcontroller-framework-replacement.man (959 bytes)
Extracting: E:\sources\replacementmanifests\microsoft-windows-offlinefiles-core\cscmig.dll (165.3 KB)
Extracting: E:\sources\replacementmanifests\microsoft-windows-offlinefiles-core\en-us\cscmig.dll.mui (3 KB)
Extracting: E:\sources\replacementmanifests\microsoft-windows-offlinefiles-replacement.man (7.9 KB)
Extracting: E:\sources\replacementmanifests\microsoft-windows-pnpmigration\pnpmig.dll (417.4 KB)
Extracting: E:\sources\replacementmanifests\microsoft-windows-pnpmigration\pnpmig.inf (24.8 KB)
Extracting: E:\sources\replacementmanifests\microsoft-windows-pnpmigration\servicingcommon.dll (1002.1 KB)
Extracting: E:\sources\replacementmanifests\microsoft-windows-powershell-replacement.man (3.4 KB)
Extracting: E:\sources\replacementmanifests\microsoft-windows-powershell-ws08-replacement.man (1.1 KB)
Extracting: E:\sources\replacementmanifests\microsoft-windows-powershellwebaccess-commands-powershell-migration-replacement.man (876 bytes)
Extracting: E:\sources\replacementmanifests\microsoft-windows-rasapi-mig\pbkmigr.dll (105.4 KB)
Extracting: E:\sources\replacementmanifests\microsoft-windows-rasserver-migplugin\rasmigplugin.dll (409.4 KB)
Extracting: E:\sources\replacementmanifests\microsoft-windows-rmapi-replacement.man (1.7 KB)
Extracting: E:\sources\replacementmanifests\microsoft-windows-securestartup-filterdriver-replacement.man (4.1 KB)
Extracting: E:\sources\replacementmanifests\microsoft-windows-security-ngc-credprov-replacement.man (1.7 KB)
Extracting: E:\sources\replacementmanifests\microsoft-windows-security-ngc-ctnrsvc-repl.man (1.3 KB)
Extracting: E:\sources\replacementmanifests\microsoft-windows-security-ngc-localaccountmigplugin\ngclocalaccountmigplugin.dll (117.3 KB)
Extracting: E:\sources\replacementmanifests\microsoft-windows-servermanager-rsat-featuretools-replacement.man (704 bytes)
Extracting: E:\sources\replacementmanifests\microsoft-windows-servermanager-rsat-replacement.man (677 bytes)
Extracting: E:\sources\replacementmanifests\microsoft-windows-servermanager-rsat-roletools-replacement.man (698 bytes)
Extracting: E:\sources\replacementmanifests\microsoft-windows-servermanager-shell-replacement.man (747 bytes)
Extracting: E:\sources\replacementmanifests\microsoft-windows-services-targetedcontent-replacement.man (793 bytes)
Extracting: E:\sources\replacementmanifests\microsoft-windows-shmig\en-us\shmig.dll.mui (4 KB)
Extracting: E:\sources\replacementmanifests\microsoft-windows-shmig\shmig.dll (301.4 KB)
Extracting: E:\sources\replacementmanifests\microsoft-windows-slb-mux-replacement.man (1.9 KB)
Extracting: E:\sources\replacementmanifests\microsoft-windows-smb1-replacement.man (936 bytes)
Extracting: E:\sources\replacementmanifests\microsoft-windows-softwareinventorylogging-scheduledtasks-replacement.man (1 KB)
Extracting: E:\sources\replacementmanifests\microsoft-windows-storagemigration-od-replacement.man (1.5 KB)
Extracting: E:\sources\replacementmanifests\microsoft-windows-storagemigration-replacement.man (6.2 KB)
Extracting: E:\sources\replacementmanifests\microsoft-windows-sxs\en-us\sxsmigplugin.dll.mui (2.5 KB)
Extracting: E:\sources\replacementmanifests\microsoft-windows-sxs\servicingcommon.dll (1002 KB)
Extracting: E:\sources\replacementmanifests\microsoft-windows-sxs\sxsmigplugin.dll (145.4 KB)
Extracting: E:\sources\replacementmanifests\microsoft-windows-sxs-replacement.man (1.5 KB)
Extracting: E:\sources\replacementmanifests\microsoft-windows-terminalservices-appserver-licensing\tsmigplugin.dll (121.3 KB)
Extracting: E:\sources\replacementmanifests\microsoft-windows-terminalservices-licenseserver\tlsrepplugin.dll (137.3 KB)
Extracting: E:\sources\replacementmanifests\microsoft-windows-textservicesframework-migration\chxmig.dll (165.4 KB)
Extracting: E:\sources\replacementmanifests\microsoft-windows-textservicesframework-migration\imjpmig.dll (209.3 KB)
Extracting: E:\sources\replacementmanifests\microsoft-windows-textservicesframework-migration\imkrmig.dll (137.4 KB)
Extracting: E:\sources\replacementmanifests\microsoft-windows-textservicesframework-migration\msctfmig.dll (169.3 KB)
Extracting: E:\sources\replacementmanifests\microsoft-windows-textservicesframework-migration\tabletextservicemig.dll (109.4 KB)
Extracting: E:\sources\replacementmanifests\microsoft-windows-unified-telemetry-client-replacement.man (3.5 KB)
Extracting: E:\sources\replacementmanifests\microsoft-windows-virtualization-vmswitch\vmswitchmigrationplugin.dll (301.3 KB)
Extracting: E:\sources\replacementmanifests\microsoft-windows-virtualization-vmswitch-migration-replacement.man (1.9 KB)
Extracting: E:\sources\replacementmanifests\microsoft-windows-vsmkey\VsmKeyMigPlugin.dll (109.4 KB)
Extracting: E:\sources\replacementmanifests\microsoft-windows-wcfcorecomp-replacement.man (837 bytes)
Extracting: E:\sources\replacementmanifests\microsoft-windows-workstationservice-replacement.man (1.3 KB)
Extracting: E:\sources\replacementmanifests\microsoft.windows.com.complus.setup-replacement.man (1.9 KB)
Extracting: E:\sources\replacementmanifests\microsoft.windows.com.dtc.setup-replacement.man (4.4 KB)
Extracting: E:\sources\replacementmanifests\microsoftwindowsdefragcore-replacement.man (1.5 KB)
Extracting: E:\sources\replacementmanifests\mmdeviceapi-migration-replacement.man (3.6 KB)
Extracting: E:\sources\replacementmanifests\mmsys-migration-replacement.man (1.3 KB)
Extracting: E:\sources\replacementmanifests\mpr-replacement.man (770 bytes)
Extracting: E:\sources\replacementmanifests\msmpeg2vdec-migration-replacement.man (1.2 KB)
Extracting: E:\sources\replacementmanifests\muisettings-replacement.man (1.6 KB)
Extracting: E:\sources\replacementmanifests\mup-replacement.man (2.5 KB)
Extracting: E:\sources\replacementmanifests\nchostagent-replacement.man (3.1 KB)
Extracting: E:\sources\replacementmanifests\ndis-repl.man (3.3 KB)
Extracting: E:\sources\replacementmanifests\netfx-wcf-http-activation-replacement.man (1.8 KB)
Extracting: E:\sources\replacementmanifests\netfx-wcf-msmqactivation-registration-replacement.man (1 KB)
Extracting: E:\sources\replacementmanifests\netfx-wcf-pipeactivation-registration-replacement.man (1 KB)
Extracting: E:\sources\replacementmanifests\netfx-wcf-tcpactivation-registration-replacement.man (1 KB)
Extracting: E:\sources\replacementmanifests\netfx3-replacement.man (601 bytes)
Extracting: E:\sources\replacementmanifests\netfx4-policy-replacement.man (851 bytes)
Extracting: E:\sources\replacementmanifests\netfx4-replacement.man (668 bytes)
Extracting: E:\sources\replacementmanifests\netfx4-wcf-client-replacement.man (1.5 KB)
Extracting: E:\sources\replacementmanifests\netfx4-wcf-extended-replacement.man (1.4 KB)
Extracting: E:\sources\replacementmanifests\netfx4clientcorecomp-replacement.man (17.1 KB)
Extracting: E:\sources\replacementmanifests\networkbridge\bridgemigplugin.dll (133.4 KB)
Extracting: E:\sources\replacementmanifests\networking-mpssvc-svc\icfupgd.dll (165.4 KB)
Extracting: E:\sources\replacementmanifests\networking-mpssvc-svc.replacement.man (1.7 KB)
Extracting: E:\sources\replacementmanifests\networkloadbalancingmanagementclient-replacement.man (692 bytes)
Extracting: E:\sources\replacementmanifests\networkloadbalancingmanagementheadlessserver-replacement.man (691 bytes)
Extracting: E:\sources\replacementmanifests\networkprofile-replacement.man (2.1 KB)
Extracting: E:\sources\replacementmanifests\networksecurity.replacement.man (10.3 KB)
Extracting: E:\sources\replacementmanifests\nfs-admincore-repl.man (1.2 KB)
Extracting: E:\sources\replacementmanifests\nfs-clientcore-repl.man (1.2 KB)
Extracting: E:\sources\replacementmanifests\nfs-servercore-repl.man (1.2 KB)
Extracting: E:\sources\replacementmanifests\nfs-servercoreupg-clientcore-repl.man (1.1 KB)
Extracting: E:\sources\replacementmanifests\nfs-servercoreupg-servercore-repl.man (1.1 KB)
Extracting: E:\sources\replacementmanifests\ngclocalaccountmigplugin-replacement.man (1.3 KB)
Extracting: E:\sources\replacementmanifests\ngcpopkeysrv_dll-repl.man (907 bytes)
Extracting: E:\sources\replacementmanifests\nlasvc-replace.man (943 bytes)
Extracting: E:\sources\replacementmanifests\notepad-repl.man (1 KB)
Extracting: E:\sources\replacementmanifests\npas-role-replacement.man (771 bytes)
Extracting: E:\sources\replacementmanifests\npsui-replacement.man (651 bytes)
Extracting: E:\sources\replacementmanifests\odbc32dll-repl.man (13.6 KB)
Extracting: E:\sources\replacementmanifests\onecore_speechcommon-rep.man (10.9 KB)
Extracting: E:\sources\replacementmanifests\openssh-common-components-onecore-replacement.man (910 bytes)
Extracting: E:\sources\replacementmanifests\openssh-server-components-onecore-replacement.man (905 bytes)
Extracting: E:\sources\replacementmanifests\pcpksp_dll-repl.man (3.5 KB)
Extracting: E:\sources\replacementmanifests\peerdist-client-migration-replacement.man (6.2 KB)
Extracting: E:\sources\replacementmanifests\peerdist-server-migration-replacement.man (6.2 KB)
Extracting: E:\sources\replacementmanifests\peerdist-upgrade-replacement.man (3.2 KB)
Extracting: E:\sources\replacementmanifests\performancecounterinfrastructurenonexecutable-replacement.man (1.6 KB)
Extracting: E:\sources\replacementmanifests\personalizationcsp-repl.man (1.4 KB)
Extracting: E:\sources\replacementmanifests\pnpmigration-replacement.man (896 bytes)
Extracting: E:\sources\replacementmanifests\posproviders-replacement.man (1.3 KB)
Extracting: E:\sources\replacementmanifests\power-energyestimationengine-replacement.man (6.3 KB)
Extracting: E:\sources\replacementmanifests\powercpl-replacement.man (2.5 KB)
Extracting: E:\sources\replacementmanifests\powermanagement-powerpolicy-definitions-replacement-v1019h1.man (6.3 KB)
Extracting: E:\sources\replacementmanifests\powermanagement-powerpolicy-definitions-replacement-v1119h1.man (5.8 KB)
Extracting: E:\sources\replacementmanifests\powermanagement-powerpolicy-definitions-replacement-v12vb.man (5.8 KB)
Extracting: E:\sources\replacementmanifests\powermanagement-powerpolicy-definitions-replacement-v13vb.man (6.3 KB)
Extracting: E:\sources\replacementmanifests\powermanagement-powerpolicy-definitions-replacement-v16sv1sv2.man (6.9 KB)
Extracting: E:\sources\replacementmanifests\powermanagement-powerpolicy-definitions-replacement-v4rs1.man (4.3 KB)
Extracting: E:\sources\replacementmanifests\powermanagement-powerpolicy-definitions-replacement-v5rs1.man (4.3 KB)
Extracting: E:\sources\replacementmanifests\powermanagement-powerpolicy-definitions-replacement-v6rs2.man (4.3 KB)
Extracting: E:\sources\replacementmanifests\powermanagement-powerpolicy-definitions-replacement-v7rs2.man (5.5 KB)
Extracting: E:\sources\replacementmanifests\powermanagement-powerpolicy-definitions-replacement-v8rs4.man (6 KB)
Extracting: E:\sources\replacementmanifests\powermanagement-powerpolicy-definitions-replacement-v9rs5.man (6.1 KB)
Extracting: E:\sources\replacementmanifests\powermanagement-powerpolicy-definitions-replacement-vista.man (1.9 KB)
Extracting: E:\sources\replacementmanifests\powermanagement-powerpolicy-definitions-replacement-win10.man (3.3 KB)
Extracting: E:\sources\replacementmanifests\powermanagement-powerpolicy-definitions-replacement-win7.man (2.6 KB)
Extracting: E:\sources\replacementmanifests\powermanagement-powerpolicy-definitions-replacement-win8.man (26.5 KB)
Extracting: E:\sources\replacementmanifests\powermanagement-powerpolicy-migration-replacement.man (654 bytes)
Extracting: E:\sources\replacementmanifests\printing-localprinting-replacement\apmonportmig.dll (157.3 KB)
Extracting: E:\sources\replacementmanifests\printing-localprinting-replacement\usbportmig.dll (153.3 KB)
Extracting: E:\sources\replacementmanifests\printing-localprinting-replacement.man (3.5 KB)
Extracting: E:\sources\replacementmanifests\printing-server-foundation-features-upgrade.man (1.4 KB)
Extracting: E:\sources\replacementmanifests\printing-servercore-wow64-rm.man (933 bytes)
Extracting: E:\sources\replacementmanifests\printing-spooler-core-replacement.man (933 bytes)
Extracting: E:\sources\replacementmanifests\processmodel-cpt-rm.man (1.8 KB)
Extracting: E:\sources\replacementmanifests\profsvcreplacement.man (1 KB)
Extracting: E:\sources\replacementmanifests\propsys-replacement.man (2.2 KB)
Extracting: E:\sources\replacementmanifests\quickactions-windows-replacement.man (1.7 KB)
Extracting: E:\sources\replacementmanifests\rasapi-repl.man (3.1 KB)
Extracting: E:\sources\replacementmanifests\rasbase-rassstp-repl.man (6.0 KB)
Extracting: E:\sources\replacementmanifests\rasbase-repl.man (5.8 KB)
Extracting: E:\sources\replacementmanifests\rasddm-repl.man (2.5 KB)
Extracting: E:\sources\replacementmanifests\rasmanservice-repl.man (2.2 KB)
Extracting: E:\sources\replacementmanifests\rasmanservice-replv2.man (2.6 KB)
Extracting: E:\sources\replacementmanifests\rasmanservice-replv3.man (2.7 KB)
Extracting: E:\sources\replacementmanifests\rasppp-repl.man (2.9 KB)
Extracting: E:\sources\replacementmanifests\rasrqs-repl.man (1.8 KB)
Extracting: E:\sources\replacementmanifests\rasserver-repl.man (26.8 KB)
Extracting: E:\sources\replacementmanifests\rasserveradmintools-replacement.man (660 bytes)
Extracting: E:\sources\replacementmanifests\refs-replacement.man (1.1 KB)
Extracting: E:\sources\replacementmanifests\refs-v1-replacement.man (457 bytes)
Extracting: E:\sources\replacementmanifests\retaildemo.deployment.replacement.man (1.1 KB)
Extracting: E:\sources\replacementmanifests\rights-management-client-v1-api-replacement.man (4.4 KB)
Extracting: E:\sources\replacementmanifests\rights-management-services-admin-tools-replacement.man (1 KB)
Extracting: E:\sources\replacementmanifests\rights-management-services-management-tools-replacement.man (1 KB)
Extracting: E:\sources\replacementmanifests\rights-management-services-role-replacement.man (1 KB)
Extracting: E:\sources\replacementmanifests\schedsvc-replacement.man (2.3 KB)
Extracting: E:\sources\replacementmanifests\security-malware-windows-defender-repl.man (2.5 KB)
Extracting: E:\sources\replacementmanifests\security-spp-migration-replacement.man (2.8 KB)
Extracting: E:\sources\replacementmanifests\securitycenter-core-replacement.man (970 bytes)
Extracting: E:\sources\replacementmanifests\servercore-wow64-rm.man (766 bytes)
Extracting: E:\sources\replacementmanifests\settingshandlers_accessibility-replacement.man (983 bytes)
Extracting: E:\sources\replacementmanifests\sharedpccsp-repl.man (1.3 KB)
Extracting: E:\sources\replacementmanifests\sharemgmt-rsatclient-tools-replacement.man (643 bytes)
Extracting: E:\sources\replacementmanifests\shell32-replacement.man (19.3 KB)
Extracting: E:\sources\replacementmanifests\shmig-replacement.man (2.8 KB)
Extracting: E:\sources\replacementmanifests\shutdown-event-tracker-repl.man (1.1 KB)
Extracting: E:\sources\replacementmanifests\signalmanager-replacement.man (1 KB)
Extracting: E:\sources\replacementmanifests\signature-replacement.man (2.8 KB)
Extracting: E:\sources\replacementmanifests\smartcardsubsystem-repl.man (2.4 KB)
Extracting: E:\sources\replacementmanifests\smsroutersvc-replacement.man (2 KB)
Extracting: E:\sources\replacementmanifests\snippingtoolsettingsmigration-replacement.man (880 bytes)
Extracting: E:\sources\replacementmanifests\snmp-gui-tools-replacement.man (652 bytes)
Extracting: E:\sources\replacementmanifests\sounds-migration-replacement.man (2.4 KB)
Extracting: E:\sources\replacementmanifests\spectrum-replacement.man (858 bytes)
Extracting: E:\sources\replacementmanifests\sppmig\sppmig.dll (69.4 KB)
Extracting: E:\sources\replacementmanifests\srm-cbadriver-repl.man (2.5 KB)
Extracting: E:\sources\replacementmanifests\srm-datascrndriver-repl.man (2.6 KB)
Extracting: E:\sources\replacementmanifests\srm-infrastructure-repl.man (713 bytes)
Extracting: E:\sources\replacementmanifests\srm-management-repl.man (639 bytes)
Extracting: E:\sources\replacementmanifests\srm-quotadriver-repl.man (2.5 KB)
Extracting: E:\sources\replacementmanifests\srm-service-repl.man (4.0 KB)
Extracting: E:\sources\replacementmanifests\srm-service-reports-repl.man (2.8 KB)
Extracting: E:\sources\replacementmanifests\srm-ui-repl.man (2.4 KB)
Extracting: E:\sources\replacementmanifests\srumon-replacement.man (1.3 KB)
Extracting: E:\sources\replacementmanifests\starttiledata-replacement.man (4.4 KB)
Extracting: E:\sources\replacementmanifests\storsvc-replacement.man (2.5 KB)
Extracting: E:\sources\replacementmanifests\sysdm-replacement.man (2.6 KB)
Extracting: E:\sources\replacementmanifests\sysmain-replacement.man (1.8 KB)
Extracting: E:\sources\replacementmanifests\systemsettings_handlers_cortana-replacement.man (992 bytes)
Extracting: E:\sources\replacementmanifests\systemsettingsthreshold-replacement.man (1 KB)
Extracting: E:\sources\replacementmanifests\tabletpcplatforminput-core-replacement.man (15.3 KB)
Extracting: E:\sources\replacementmanifests\tcblaunch-replacement.man (1.9 KB)
Extracting: E:\sources\replacementmanifests\tcpip-replacement.man (16.8 KB)
Extracting: E:\sources\replacementmanifests\terminalservices-appserver-licensing-replacement.man (1.1 KB)
Extracting: E:\sources\replacementmanifests\terminalservices-gateway-package-r-replacement.man (1 KB)
Extracting: E:\sources\replacementmanifests\terminalservices-gateway-package-replacement.man (1 KB)
Extracting: E:\sources\replacementmanifests\terminalservices-gateway-ui-package-r-replacement.man (1 KB)
Extracting: E:\sources\replacementmanifests\terminalservices-gateway-ui-package-replacement.man (1 KB)
Extracting: E:\sources\replacementmanifests\terminalservices-licenseserver-replacement.man (1.7 KB)
Extracting: E:\sources\replacementmanifests\terminalservices-localsessionmanager-replacement.man (1.3 KB)
Extracting: E:\sources\replacementmanifests\terminalservices-publishing-wmiprovider-replacement.man (905 bytes)
Extracting: E:\sources\replacementmanifests\terminalservices-rapweb-replacement.man (863 bytes)
Extracting: E:\sources\replacementmanifests\terminalservices-rapwebpart-replacement.man (1.1 KB)
Extracting: E:\sources\replacementmanifests\terminalservices-rdp-winstationextensions-replacement.man (3.3 KB)
Extracting: E:\sources\replacementmanifests\terminalservices-remoteconnectionmanager-replacement.man (5.3 KB)
Extracting: E:\sources\replacementmanifests\terminalservices-role-package-r-replacement.man (1 KB)
Extracting: E:\sources\replacementmanifests\terminalservices-role-package-replacement.man (1 KB)
Extracting: E:\sources\replacementmanifests\terminalservices-sessiondirectory-client-replacement.man (2.7 KB)
Extracting: E:\sources\replacementmanifests\terminalservices-sessiondirectory-server-replacement.man (4.1 KB)
Extracting: E:\sources\replacementmanifests\terminalservices-tsv-vmhostagent-replacement.man (1.3 KB)
Extracting: E:\sources\replacementmanifests\tetheringservice-repl.man (1 KB)
Extracting: E:\sources\replacementmanifests\textservicesframework-migration-replacement.man (6.3 KB)
Extracting: E:\sources\replacementmanifests\time-service-replacement.man (1.2 KB)
Extracting: E:\sources\replacementmanifests\tpmdriverwmi-replacement.man (2.5 KB)
Extracting: E:\sources\replacementmanifests\tpmvsc-repl.man (916 bytes)
Extracting: E:\sources\replacementmanifests\twinui-replacement.man (12.2 KB)
Extracting: E:\sources\replacementmanifests\twinui.pcshell-replacement.man (1.6 KB)
Extracting: E:\sources\replacementmanifests\udfs-replacement.man (1.5 KB)
Extracting: E:\sources\replacementmanifests\updateagent-replacement.man (1.1 KB)
Extracting: E:\sources\replacementmanifests\updateservices-common-replacement.man (879 bytes)
Extracting: E:\sources\replacementmanifests\updateservices-services-replacement.man (2.8 KB)
Extracting: E:\sources\replacementmanifests\upnpdevicehost-replacement.man (2.4 KB)
Extracting: E:\sources\replacementmanifests\upnpdevicehost-server-replacement.man (2.4 KB)
Extracting: E:\sources\replacementmanifests\upnpssdp-replacement.man (2.3 KB)
Extracting: E:\sources\replacementmanifests\upnpssdp-server-replacement.man (2.3 KB)
Extracting: E:\sources\replacementmanifests\usbmigration-replacement.man (1.6 KB)
Extracting: E:\sources\replacementmanifests\userchoiceprotection-replacement.man (1.3 KB)
Extracting: E:\sources\replacementmanifests\vault-replacement.man (2.1 KB)
Extracting: E:\sources\replacementmanifests\video-tvvideocontrol-replacement.man (928 bytes)
Extracting: E:\sources\replacementmanifests\virtualdiskservice-repl.man (1.7 KB)
Extracting: E:\sources\replacementmanifests\volsnap-repl.man (2.9 KB)
Extracting: E:\sources\replacementmanifests\volumecontrol.replacement.man (4.0 KB)
Extracting: E:\sources\replacementmanifests\vssservice-repl.man (4 KB)
Extracting: E:\sources\replacementmanifests\wbiosrvc-replacement.man (1.4 KB)
Extracting: E:\sources\replacementmanifests\wcf-http-activation-replacement.man (823 bytes)
Extracting: E:\sources\replacementmanifests\wcf-nonhttp-activation-replacement.man (833 bytes)
Extracting: E:\sources\replacementmanifests\web-services-for-management-core-replacement.man (13.6 KB)
Extracting: E:\sources\replacementmanifests\webdavredir-clientonly-replacement.man (2.1 KB)
Extracting: E:\sources\replacementmanifests\webdavredir-serveronly-replacement.man (2.1 KB)
Extracting: E:\sources\replacementmanifests\wia-coreservices-replacement.man (969 bytes)
Extracting: E:\sources\replacementmanifests\wicamigrationav-rl.man (9.6 KB)
Extracting: E:\sources\replacementmanifests\wid8-migration.man (1 KB)
Extracting: E:\sources\replacementmanifests\win32k-settings-repl.man (19.9 KB)
Extracting: E:\sources\replacementmanifests\windows-secdriver-rep.man (1.1 KB)
Extracting: E:\sources\replacementmanifests\windows-secwfpdriver-rep.man (1.1 KB)
Extracting: E:\sources\replacementmanifests\windows-senseclient-service-rep.man (2.0 KB)
Extracting: E:\sources\replacementmanifests\windows.cortana.desktop-repl.man (1.5 KB)
Extracting: E:\sources\replacementmanifests\windows.holographic.displaythrottling-replacement.man (2.5 KB)
Extracting: E:\sources\replacementmanifests\windows.media-migration-replacement.man (993 bytes)
Extracting: E:\sources\replacementmanifests\windows.sharedpc.accountmanager-repl.man (1.4 KB)
Extracting: E:\sources\replacementmanifests\windows.storage-replacement.man (2 KB)
Extracting: E:\sources\replacementmanifests\windows.ui.shell-repl.man (2 KB)
Extracting: E:\sources\replacementmanifests\windowspushnotifications-platform-library-replacement.man (1.2 KB)
Extracting: E:\sources\replacementmanifests\windowssearchengine\wsearchmigplugin.dll (161.3 KB)
Extracting: E:\sources\replacementmanifests\windowssearchengine-replacement.man (6.1 KB)
Extracting: E:\sources\replacementmanifests\windowsstoreapi-replacement.man (1.1 KB)
Extracting: E:\sources\replacementmanifests\windowsupdate-replacement.man (1.7 KB)
Extracting: E:\sources\replacementmanifests\windowswebapphost-replacement.man (1.1 KB)
Extracting: E:\sources\replacementmanifests\winlogon-replacement.man (12.3 KB)
Extracting: E:\sources\replacementmanifests\winmde-migration-replacement.man (1016 bytes)
Extracting: E:\sources\replacementmanifests\winnat-replacement.man (1.1 KB)
Extracting: E:\sources\replacementmanifests\winsat-cmi-replacement.man (937 bytes)
Extracting: E:\sources\replacementmanifests\wlidsvc-replacement.man (4.8 KB)
Extracting: E:\sources\replacementmanifests\wlidsvc.vista-win7.man (4.1 KB)
Extracting: E:\sources\replacementmanifests\wmdmigration-replacement.man (4.1 KB)
Extracting: E:\sources\replacementmanifests\wmi-core-replacement.man (2.7 KB)
Extracting: E:\sources\replacementmanifests\wmiacpi-replacement.man (1.1 KB)
Extracting: E:\sources\replacementmanifests\wmpnsservice-migration-replacement.man (1.7 KB)
Extracting: E:\sources\replacementmanifests\wmpplayer-migration-replacement.man (2.8 KB)
Extracting: E:\sources\replacementmanifests\wsinfra-other-mw-replacement.man (1.1 KB)
Extracting: E:\sources\replacementmanifests\wsinfra-upgrade-replacement.man (1.5 KB)
Extracting: E:\sources\replacementmanifests\wwansvc-servercfg-repl.man (1 KB)
Extracting: E:\sources\reportgen.dll (73.3 KB)
Extracting: E:\sources\reservemanager.dll (309.4 KB)
Extracting: E:\sources\rmsupg.dll (93.4 KB)
Extracting: E:\sources\rollback.exe (157.4 KB)
Extracting: E:\sources\schema.dat (108 KB)
Extracting: E:\sources\sdbapiu.dll (413.4 KB)
Extracting: E:\sources\segoeui.ttf (958.0 KB)
Extracting: E:\sources\servicingcommon.dll (1002.1 KB)
Extracting: E:\sources\setup.exe (325.3 KB)
Extracting: E:\sources\setupcompat.dll (361.4 KB)
Extracting: E:\sources\setupcore.dll (2.7 MB)
Extracting: E:\sources\setupdiag.exe (787.0 KB)
Extracting: E:\sources\setuperror.exe (72.8 KB)
Extracting: E:\sources\setuphost.exe (889.4 KB)
Extracting: E:\sources\setupmgr.dll (1.1 MB)
Extracting: E:\sources\setupplatform.cfg (22.5 KB)
Extracting: E:\sources\setupplatform.dll (9.2 MB)
Extracting: E:\sources\setupplatform.exe (249.4 KB)
Extracting: E:\sources\setupprep.exe (1.3 MB)
Extracting: E:\sources\sfcn.dat (1.8 KB)
Extracting: E:\sources\sflcid.dat (1.6 KB)
Extracting: E:\sources\sflistrs1.dat (5.3 MB)
Extracting: E:\sources\sflistw7.dat (1.6 MB)
Extracting: E:\sources\sflistw8.dat (2.5 MB)
Extracting: E:\sources\sflistwb.dat (3 MB)
Extracting: E:\sources\sflistwt.dat (4.7 MB)
Extracting: E:\sources\sfpat.inf (11.3 KB)
Extracting: E:\sources\sfpatrs1.inf (165.8 KB)
Extracting: E:\sources\sfpatw7.inf (17.0 KB)
Extracting: E:\sources\sfpatw8.inf (77.9 KB)
Extracting: E:\sources\sfpatwb.inf (89.5 KB)
Extracting: E:\sources\sfpatwt.inf (161.8 KB)
Extracting: E:\sources\smiengine.dll (905.3 KB)
Extracting: E:\sources\spflvrnt.dll (57.4 KB)
Extracting: E:\sources\spprgrss.dll (81.3 KB)
Extracting: E:\sources\spwizeng.dll (557.3 KB)
Extracting: E:\sources\spwizimg.dll (93.3 KB)
Extracting: E:\sources\spwizres.dll (25.3 KB)
Extracting: E:\sources\sqmapi.dll (74.1 KB)
Extracting: E:\sources\sxs\Microsoft-Windows-InternetExplorer-Optional-Package~31bf3856ad364e35~amd64~en-US~.cab (30.1 KB)
Extracting: E:\sources\sxs\microsoft-windows-internetexplorer-optional-package~31bf3856ad364e35~amd64~~.cab (297.7 KB)
Extracting: E:\sources\sxs\microsoft-windows-netfx3-ondemand-package~31bf3856ad364e35~amd64~~.cab (68 MB)
Extracting: E:\sources\uddicomp.dll (73.6 KB)
Extracting: E:\sources\unattend.dll (269.4 KB)
Extracting: E:\sources\unattendmgr.dll (381.4 KB)
Extracting: E:\sources\unbcl.dll (1 MB)
Extracting: E:\sources\uninstall.xml (4.5 KB)
Extracting: E:\sources\uninstall_data.xml (10.9 KB)
Extracting: E:\sources\updateagent.dll (3.8 MB)
Extracting: E:\sources\updatecompression.dll (529.4 KB)
Extracting: E:\sources\upgloader.dll (133.4 KB)
Extracting: E:\sources\upgrade_bulk.xml (206.3 KB)
Extracting: E:\sources\upgrade_comp.xml (5.9 KB)
Extracting: E:\sources\upgrade_data.xml (40.8 KB)
Extracting: E:\sources\upgrade_frmwrk.xml (18.7 KB)
Extracting: E:\sources\upgradeagent.dll (3.1 MB)
Extracting: E:\sources\upgradeagent.xml (69.2 KB)
Extracting: E:\sources\upgwow_bulk.xml (112 KB)
Extracting: E:\sources\utcapi.dll (65.3 KB)
Extracting: E:\sources\uup\metadata\desktoptargetcompdb_conditions.xml.cab (18.4 KB)
Extracting: E:\sources\uup\metadata\desktoptargetcompdb_fod_neutral.xml.cab (46.6 KB)
Extracting: E:\sources\uup\metadata\desktoptargetcompdb_neutral.xml.cab (12.1 KB)
Extracting: E:\sources\uxlib.dll (181.3 KB)
Extracting: E:\sources\uxlibres.dll (21.3 KB)
Extracting: E:\sources\vhdprovider.dll (585.3 KB)
Extracting: E:\sources\vi-vn\MediaSetupUIMgr.dll.mui (73 KB)
Extracting: E:\sources\w32uiimg.dll (305.3 KB)
Extracting: E:\sources\w32uires.dll (217.3 KB)
Extracting: E:\sources\warning.gif (597 bytes)
Extracting: E:\sources\wdsclient.dll (473.5 KB)
Extracting: E:\sources\wdsclientapi.dll (261.5 KB)
Extracting: E:\sources\wdscommonlib.dll (333.4 KB)
Extracting: E:\sources\wdscore.dll (273.3 KB)
Extracting: E:\sources\wdscsl.dll (109.4 KB)
Extracting: E:\sources\wdsimage.dll (125.6 KB)
Extracting: E:\sources\wdstptc.dll (213.5 KB)
Extracting: E:\sources\wdsupgcompl.dll (45.5 KB)
Extracting: E:\sources\wdsutil.dll (345.3 KB)
Extracting: E:\sources\wimgapi.dll (889.3 KB)
Extracting: E:\sources\wimprovider.dll (681.3 KB)
Extracting: E:\sources\win32ui.dll (705.3 KB)
Extracting: E:\sources\windlp.dll (1.5 MB)
Extracting: E:\sources\winsetup.dll (2.8 MB)
Extracting: E:\sources\winsetupboot.hiv (8 KB)
Extracting: E:\sources\winsetupboot.sys (109.3 KB)
Extracting: E:\sources\winsetupmon.hiv (8 KB)
Extracting: E:\sources\winsetupmon.sys (165.4 KB)
Extracting: E:\sources\wpx.dll (1.4 MB)
Extracting: E:\support\logging\actionqueueetw.dll (21.6 KB)
Extracting: E:\support\logging\auditetw.dll (25.6 KB)
Extracting: E:\support\logging\cmisetupetw.dll (25.4 KB)
Extracting: E:\support\logging\en-us\actionqueueetw.dll.mui (3.5 KB)
Extracting: E:\support\logging\etwproviderinstall.vbs (6.7 KB)
Extracting: E:\support\logging\microsoft-windows-actionqueue-instrumentation.man (6.2 KB)
Extracting: E:\support\logging\microsoft-windows-audit-instrumentation.man (6.6 KB)
Extracting: E:\support\logging\microsoft-windows-cmisetup-instrumentation.man (7.1 KB)
Extracting: E:\support\logging\microsoft-windows-oobeldr-instrumentation.man (8.4 KB)
Extracting: E:\support\logging\microsoft-windows-setup-events.man (19.9 KB)
Extracting: E:\support\logging\microsoft-windows-setup-instrumentation.man (9.0 KB)
Extracting: E:\support\logging\microsoft-windows-setupcl-instrumentation.man (15 KB)
Extracting: E:\support\logging\microsoft-windows-setupugc-instrumentation.man (7.1 KB)
Extracting: E:\support\logging\microsoft-windows-sysprep-instrumentation.man (13.5 KB)
Extracting: E:\support\logging\microsoft-windows-windeploy-instrumentation.man (9 KB)
Extracting: E:\support\logging\oobeldretw.dll (25.4 KB)
Extracting: E:\support\logging\setupcletw.dll (29.5 KB)
Extracting: E:\support\logging\setupetw.dll (29.4 KB)
Extracting: E:\support\logging\setupugcetw.dll (25.4 KB)
Extracting: E:\support\logging\sysprepetw.dll (29.4 KB)
Extracting: E:\support\logging\windeployetw.dll (25.5 KB)
Extracting: E:\support\logging\winsetupetw.dll (73.5 KB)
Created: E:\md5sum.txt (82.4 KB)
Applying Windows customization:
Created 'E:\sources\appraiserres.dll' placeholder
Renamed 'E:\setup.exe' → 'E:\setup.dll'
Created 'E:\setup.exe' bypass wrapper (from embedded)
Mounting 'E:\sources\boot.wim[2]'...
Mounted 'E:\sources\boot.wim [2]' on 'C:\Users\WEAREA~1\AppData\Local\Temp\RufusPortableTemp\Ruf7213.tmp'
Mounted offline registry hive 'C:\Users\WEAREA~1\AppData\Local\Temp\RufusPortableTemp\Ruf7213.tmp\Windows\System32\config\SYSTEM' to 'HKLM\RUFUS_OFFLINE_HIVE'
Created 'HKLM\SYSTEM\Setup\LabConfig\BypassTPMCheck' registry key
Created 'HKLM\SYSTEM\Setup\LabConfig\BypassSecureBootCheck' registry key
Created 'HKLM\SYSTEM\Setup\LabConfig\BypassRAMCheck' registry key
Created 'E:\sources\$OEM$\$$\Panther\unattend.xml'
Unmounted offline registry hive 'HKLM\RUFUS_OFFLINE_HIVE'
Unmounting 'E:\sources\boot.wim[2]'...
Unmounted 'C:\Users\WEAREA~1\AppData\Local\Temp\RufusPortableTemp\Ruf7213.tmp [2]'
Finalizing, please wait...
Updating E:\md5sum.txt:
● /sources/appraiserres.dll
● /setup.exe
● /setup.dll
● /sources/boot.wim
Renamed: E:\efi\boot\bootx64.efi → E:\efi\boot\bootx64_original.efi
Created: E:\efi\boot\bootx64.efi (39.8 KB)
E:autorun.inf already exists - keeping it
NTFS Fixup (Checkdisk)...
Volume label is CCCOMA_X64FRE_EN-US_DV9.

Stage 1: Examining basic file system structure ...
  1280 file records processed.
File verification completed.
 Phase duration (File record verification): 32.44 milliseconds.
  0 large file records processed.
 Phase duration (Orphan file record recovery): 0.97 milliseconds.
  0 bad file records processed.
 Phase duration (Bad file record checking): 1.08 milliseconds.

Stage 2: Examining file name linkage ...
  1496 index entries processed.
Index verification completed.
 Phase duration (Index verification): 68.69 milliseconds.
 Phase duration (Orphan reconnection): 0.57 milliseconds.
 Phase duration (Orphan recovery to lost and found): 0.04 milliseconds.
  0 reparse records processed.
  0 reparse records processed.
 Phase duration (Reparse point and Object ID verification): 2.41 milliseconds.

Stage 3: Examining security descriptors ...
Security descriptor verification completed.
 Phase duration (Security descriptor verification): 3.51 milliseconds.
  108 data files processed.
 Phase duration (Data attribute verification): 1.16 milliseconds.

Windows has scanned the file system and found no problems.
No further action is required.

 112334951 KB total disk space.
   5707736 KB in 980 files.
       384 KB in 110 indexes.
     70663 KB in use by the system.
     65536 KB occupied by the log file.
 106556168 KB available on disk.
      4096 bytes in each allocation unit.
  28083737 total allocation units on disk.
  26639042 allocation units available on disk.
Total duration: 113.08 milliseconds (113 ms).
NTFS Fixup completed.

Found USB 3.0 device 'Corsair CSSD-F115GB2-A USB Device' (1F75:0621)
1 device found
Disk type: FIXED, Disk size: 115 GB, Sector size: 512 bytes
Cylinders: 13985, Tracks per cylinder: 255, Sectors per track: 63
Partition type: GPT, NB Partitions: 2
Disk GUID: {E2CC8B06-4756-4E06-AAE3-4A7EB640AE4C}
Max parts: 128, Start Offset: 17408, Usable = 115033119232 bytes
Partition 1:
  Type: Microsoft Basic Data Partition
  Name: 'Main Data Partition'
  Detected File System: NTFS
  ID: {099F2B84-7EEF-4BC5-ADD9-E056F85F989F}
  Size: 107.1 GB (115030990848 bytes)
  Start Sector: 2048, Attributes: 0x0000000000000000
Partition 2 (UEFI:NTFS):
  Type: Microsoft Basic Data Partition
  Name: 'UEFI:NTFS'
  Detected File System: FAT12
  ID: {1806E6B8-E276-4386-94B4-C4977E215812}
  Size: 1 MB (1064448 bytes)
  Start Sector: 224671986, Attributes: 0x9000000000000000
Checking for UEFI DBX updates...
Could not open Internet session: [0x00002F83] The computer is disconnected from the network
Could not open Internet session: [0x00002F83] The computer is disconnected from the network
Could not open Internet session: [0x00002F83] The computer is disconnected from the network
Could not open Internet session: [0x00002F83] The computer is disconnected from the network
Could not open Internet session: [0x00002F83] The computer is disconnected from the network
Could not open Internet session: [0x00002F83] The computer is disconnected from the network
Could not open Internet session: [0x00002F83] The computer is disconnected from the network
Checking for Rufus updates...
Updates: Unable to connect to the internet
Found USB 3.0 device 'Corsair CSSD-F115GB2-A USB Device' (1F75:0621)
1 device found
Disk type: FIXED, Disk size: 115 GB, Sector size: 512 bytes
Cylinders: 13985, Tracks per cylinder: 255, Sectors per track: 63
Partition type: GPT, NB Partitions: 2
Disk GUID: {E2CC8B06-4756-4E06-AAE3-4A7EB640AE4C}
Max parts: 128, Start Offset: 17408, Usable = 115033119232 bytes
Partition 1:
  Type: Microsoft Basic Data Partition
  Name: 'Main Data Partition'
  Detected File System: NTFS
  ID: {099F2B84-7EEF-4BC5-ADD9-E056F85F989F}
  Size: 107.1 GB (115030990848 bytes)
  Start Sector: 2048, Attributes: 0x0000000000000000
Partition 2 (UEFI:NTFS):
  Type: Microsoft Basic Data Partition
  Name: 'UEFI:NTFS'
  Detected File System: FAT12
  ID: {1806E6B8-E276-4386-94B4-C4977E215812}
  Size: 1 MB (1064448 bytes)
  Start Sector: 224671986, Attributes: 0x9000000000000000
Found USB 3.0 device 'Corsair CSSD-F115GB2-A USB Device' (1F75:0621)
1 device found
Disk type: FIXED, Disk size: 115 GB, Sector size: 512 bytes
Cylinders: 13985, Tracks per cylinder: 255, Sectors per track: 63
Partition type: GPT, NB Partitions: 2
Disk GUID: {E2CC8B06-4756-4E06-AAE3-4A7EB640AE4C}
Max parts: 128, Start Offset: 17408, Usable = 115033119232 bytes
Partition 1:
  Type: Microsoft Basic Data Partition
  Name: 'Main Data Partition'
  Detected File System: NTFS
  ID: {099F2B84-7EEF-4BC5-ADD9-E056F85F989F}
  Size: 107.1 GB (115030990848 bytes)
  Start Sector: 2048, Attributes: 0x0000000000000000
Partition 2 (UEFI:NTFS):
  Type: Microsoft Basic Data Partition
  Name: 'UEFI:NTFS'
  Detected File System: FAT12
  ID: {1806E6B8-E276-4386-94B4-C4977E215812}
  Size: 1 MB (1064448 bytes)
  Start Sector: 224671986, Attributes: 0x9000000000000000
Checking for UEFI DBX updates...
Saved https://api.github.com/repos/microsoft/secureboot_objects/contents/PostSignedObjects/DBX/x86/DBXUpdate.bin as 'dbx_ia32.bin'
Saved https://api.github.com/repos/microsoft/secureboot_objects/contents/PostSignedObjects/DBX/amd64/DBXUpdate.bin as 'dbx_x64.bin'
Saved https://api.github.com/repos/microsoft/secureboot_objects/contents/PostSignedObjects/DBX/arm/DBXUpdate.bin as 'dbx_arm.bin'
Saved https://api.github.com/repos/microsoft/secureboot_objects/contents/PostSignedObjects/DBX/arm64/DBXUpdate.bin as 'dbx_aa64.bin'
Checking for Rufus updates...
Checking release channel...
No new release version found.
Found USB 3.0 device 'Corsair CSSD-F115GB2-A USB Device' (1F75:0621)
1 device found
Disk type: FIXED, Disk size: 115 GB, Sector size: 512 bytes
Cylinders: 13985, Tracks per cylinder: 255, Sectors per track: 63
Partition type: GPT, NB Partitions: 2
Disk GUID: {E2CC8B06-4756-4E06-AAE3-4A7EB640AE4C}
Max parts: 128, Start Offset: 17408, Usable = 115033119232 bytes
Partition 1:
  Type: Microsoft Basic Data Partition
  Name: 'Main Data Partition'
  Detected File System: NTFS
  ID: {099F2B84-7EEF-4BC5-ADD9-E056F85F989F}
  Size: 107.1 GB (115030990848 bytes)
  Start Sector: 2048, Attributes: 0x0000000000000000
Partition 2 (UEFI:NTFS):
  Type: Microsoft Basic Data Partition
  Name: 'UEFI:NTFS'
  Detected File System: FAT12
  ID: {1806E6B8-E276-4386-94B4-C4977E215812}
  Size: 1 MB (1064448 bytes)
  Start Sector: 224671986, Attributes: 0x9000000000000000
Found USB 3.0 device 'Corsair CSSD-F115GB2-A USB Device' (1F75:0621)
1 device found
Disk type: FIXED, Disk size: 115 GB, Sector size: 512 bytes
Cylinders: 13985, Tracks per cylinder: 255, Sectors per track: 63
Partition type: GPT, NB Partitions: 2
Disk GUID: {E2CC8B06-4756-4E06-AAE3-4A7EB640AE4C}
Max parts: 128, Start Offset: 17408, Usable = 115033119232 bytes
Partition 1:
  Type: Microsoft Basic Data Partition
  Name: 'Main Data Partition'
  Detected File System: NTFS
  ID: {099F2B84-7EEF-4BC5-ADD9-E056F85F989F}
  Size: 107.1 GB (115030990848 bytes)
  Start Sector: 2048, Attributes: 0x0000000000000000
Partition 2 (UEFI:NTFS):
  Type: Microsoft Basic Data Partition
  Name: 'UEFI:NTFS'
  Detected File System: FAT12
  ID: {1806E6B8-E276-4386-94B4-C4977E215812}
  Size: 1 MB (1064448 bytes)
  Start Sector: 224671986, Attributes: 0x9000000000000000
Found USB 3.0 device 'Corsair CSSD-F115GB2-A USB Device' (1F75:0621)
1 device found
Disk type: FIXED, Disk size: 115 GB, Sector size: 512 bytes
Cylinders: 13985, Tracks per cylinder: 255, Sectors per track: 63
Partition type: GPT, NB Partitions: 2
Disk GUID: {E2CC8B06-4756-4E06-AAE3-4A7EB640AE4C}
Max parts: 128, Start Offset: 17408, Usable = 115033119232 bytes
Partition 1:
  Type: Microsoft Basic Data Partition
  Name: 'Main Data Partition'
  Detected File System: NTFS
  ID: {099F2B84-7EEF-4BC5-ADD9-E056F85F989F}
  Size: 107.1 GB (115030990848 bytes)
  Start Sector: 2048, Attributes: 0x0000000000000000
Partition 2 (UEFI:NTFS):
  Type: Microsoft Basic Data Partition
  Name: 'UEFI:NTFS'
  Detected File System: FAT12
  ID: {1806E6B8-E276-4386-94B4-C4977E215812}
  Size: 1 MB (1064448 bytes)
  Start Sector: 224671986, Attributes: 0x9000000000000000
Found USB 3.0 device 'Corsair CSSD-F115GB2-A USB Device' (1F75:0621)
1 device found
Disk type: FIXED, Disk size: 115 GB, Sector size: 512 bytes
Cylinders: 13985, Tracks per cylinder: 255, Sectors per track: 63
Partition type: GPT, NB Partitions: 2
Disk GUID: {E2CC8B06-4756-4E06-AAE3-4A7EB640AE4C}
Max parts: 128, Start Offset: 17408, Usable = 115033119232 bytes
Partition 1:
  Type: Microsoft Basic Data Partition
  Name: 'Main Data Partition'
  Detected File System: NTFS
  ID: {099F2B84-7EEF-4BC5-ADD9-E056F85F989F}
  Size: 107.1 GB (115030990848 bytes)
  Start Sector: 2048, Attributes: 0x0000000000000000
Partition 2 (UEFI:NTFS):
  Type: Microsoft Basic Data Partition
  Name: 'UEFI:NTFS'
  Detected File System: FAT12
  ID: {1806E6B8-E276-4386-94B4-C4977E215812}
  Size: 1 MB (1064448 bytes)
  Start Sector: 224671986, Attributes: 0x9000000000000000
Found USB 3.0 device 'Corsair CSSD-F115GB2-A USB Device' (1F75:0621)
1 device found
Disk type: FIXED, Disk size: 115 GB, Sector size: 512 bytes
Cylinders: 13985, Tracks per cylinder: 255, Sectors per track: 63
Partition type: GPT, NB Partitions: 2
Disk GUID: {E2CC8B06-4756-4E06-AAE3-4A7EB640AE4C}
Max parts: 128, Start Offset: 17408, Usable = 115033119232 bytes
Partition 1:
  Type: Microsoft Basic Data Partition
  Name: 'Main Data Partition'
  Detected File System: NTFS
  ID: {099F2B84-7EEF-4BC5-ADD9-E056F85F989F}
  Size: 107.1 GB (115030990848 bytes)
  Start Sector: 2048, Attributes: 0x0000000000000000
Partition 2 (UEFI:NTFS):
  Type: Microsoft Basic Data Partition
  Name: 'UEFI:NTFS'
  Detected File System: FAT12
  ID: {1806E6B8-E276-4386-94B4-C4977E215812}
  Size: 1 MB (1064448 bytes)
  Start Sector: 224671986, Attributes: 0x9000000000000000
Found USB 3.0 device 'Corsair CSSD-F115GB2-A USB Device' (1F75:0621)
1 device found
Disk type: FIXED, Disk size: 115 GB, Sector size: 512 bytes
Cylinders: 13985, Tracks per cylinder: 255, Sectors per track: 63
Partition type: GPT, NB Partitions: 2
Disk GUID: {E2CC8B06-4756-4E06-AAE3-4A7EB640AE4C}
Max parts: 128, Start Offset: 17408, Usable = 115033119232 bytes
Partition 1:
  Type: Microsoft Basic Data Partition
  Name: 'Main Data Partition'
  Detected File System: NTFS
  ID: {099F2B84-7EEF-4BC5-ADD9-E056F85F989F}
  Size: 107.1 GB (115030990848 bytes)
  Start Sector: 2048, Attributes: 0x0000000000000000
Partition 2 (UEFI:NTFS):
  Type: Microsoft Basic Data Partition
  Name: 'UEFI:NTFS'
  Detected File System: FAT12
  ID: {1806E6B8-E276-4386-94B4-C4977E215812}
  Size: 1 MB (1064448 bytes)
  Start Sector: 224671986, Attributes: 0x9000000000000000
Checking for UEFI DBX updates...
Checking for Rufus updates...
Checking release channel...
No new release version found.
Checking for UEFI DBX updates...
Checking for Rufus updates...
Checking release channel...
No new release version found.
Checking for UEFI DBX updates...
Checking for Rufus updates...
Checking release channel...
No new release version found.
